20/10/08 19:11:47 WARN NativeCodeLoader: Unable to load native-hadoop library for your platform... using builtin-java classes where applicable
20/10/08 19:11:48 INFO SparkContext: Running Spark version 2.3.0
20/10/08 19:11:48 WARN SparkConf: In Spark 1.0 and later spark.local.dir will be overridden by the value set by the cluster manager (via SPARK_LOCAL_DIRS in mesos/standalone and LOCAL_DIRS in YARN).
20/10/08 19:11:48 INFO SparkContext: Submitted application: Transitive Edge Reduction Module
20/10/08 19:11:48 INFO SparkContext: Spark configuration:
spark.app.name=Transitive Edge Reduction Module
spark.default.parallelism=448
spark.driver.maxResultSize=5G
spark.driver.memory=100G
spark.eventLog.dir=/global/cscratch1/sd/gguidi/spark/event_logs
spark.eventLog.enabled=true
spark.executor.cores=32
spark.executor.extraClassPath=/global/cscratch1/sd/gguidi/IPDPS2021/SORA/src/TransitiveEdgeReduction/target/scala-2.11/transitive-edge-reduction-module_2.11-1.0.jar
spark.executor.memory=100G
spark.history.fs.logDirectory=/global/cscratch1/sd/gguidi/spark/event_logs
spark.jars=file:/global/cscratch1/sd/gguidi/IPDPS2021/SORA/src/TransitiveEdgeReduction/target/scala-2.11/transitive-edge-reduction-module_2.11-1.0.jar
spark.local.dir=/tmp
spark.logConf=true
spark.master=local[8]
spark.serializer=org.apache.spark.serializer.KryoSerializer
spark.submit.deployMode=client
20/10/08 19:11:48 INFO SecurityManager: Changing view acls to: gguidi
20/10/08 19:11:48 INFO SecurityManager: Changing modify acls to: gguidi
20/10/08 19:11:48 INFO SecurityManager: Changing view acls groups to: 
20/10/08 19:11:48 INFO SecurityManager: Changing modify acls groups to: 
20/10/08 19:11:48 INFO SecurityManager: SecurityManager: authentication disabled; ui acls disabled; users  with view permissions: Set(gguidi); groups with view permissions: Set(); users  with modify permissions: Set(gguidi); groups with modify permissions: Set()
20/10/08 19:11:48 INFO Utils: Successfully started service 'sparkDriver' on port 43469.
20/10/08 19:11:48 INFO SparkEnv: Registering MapOutputTracker
20/10/08 19:11:48 INFO SparkEnv: Registering BlockManagerMaster
20/10/08 19:11:48 INFO BlockManagerMasterEndpoint: Using org.apache.spark.storage.DefaultTopologyMapper for getting topology information
20/10/08 19:11:48 INFO BlockManagerMasterEndpoint: BlockManagerMasterEndpoint up
20/10/08 19:11:48 INFO DiskBlockManager: Created local directory at /tmp/blockmgr-15ac791d-78de-4457-9c53-17650d1af97a
20/10/08 19:11:48 INFO MemoryStore: MemoryStore started with capacity 53.2 GB
20/10/08 19:11:48 INFO SparkEnv: Registering OutputCommitCoordinator
20/10/08 19:11:48 INFO log: Logging initialized @5382ms
20/10/08 19:11:48 INFO Server: jetty-9.3.z-SNAPSHOT
20/10/08 19:11:48 INFO Server: Started @5450ms
20/10/08 19:11:48 INFO AbstractConnector: Started ServerConnector@41382722{HTTP/1.1,[http/1.1]}{0.0.0.0:4040}
20/10/08 19:11:48 INFO Utils: Successfully started service 'SparkUI' on port 4040.
20/10/08 19:11:48 INFO ContextHandler: Started o.s.j.s.ServletContextHandler@77b21474{/jobs,null,AVAILABLE,@Spark}
20/10/08 19:11:48 INFO ContextHandler: Started o.s.j.s.ServletContextHandler@2b46a8c1{/jobs/json,null,AVAILABLE,@Spark}
20/10/08 19:11:48 INFO ContextHandler: Started o.s.j.s.ServletContextHandler@1d572e62{/jobs/job,null,AVAILABLE,@Spark}
20/10/08 19:11:48 INFO ContextHandler: Started o.s.j.s.ServletContextHandler@46cf05f7{/jobs/job/json,null,AVAILABLE,@Spark}
20/10/08 19:11:48 INFO ContextHandler: Started o.s.j.s.ServletContextHandler@5851bd4f{/stages,null,AVAILABLE,@Spark}
20/10/08 19:11:48 INFO ContextHandler: Started o.s.j.s.ServletContextHandler@7cd1ac19{/stages/json,null,AVAILABLE,@Spark}
20/10/08 19:11:48 INFO ContextHandler: Started o.s.j.s.ServletContextHandler@2f40a43{/stages/stage,null,AVAILABLE,@Spark}
20/10/08 19:11:48 INFO ContextHandler: Started o.s.j.s.ServletContextHandler@1804f60d{/stages/stage/json,null,AVAILABLE,@Spark}
20/10/08 19:11:48 INFO ContextHandler: Started o.s.j.s.ServletContextHandler@3a80515c{/stages/pool,null,AVAILABLE,@Spark}
20/10/08 19:11:48 INFO ContextHandler: Started o.s.j.s.ServletContextHandler@547e29a4{/stages/pool/json,null,AVAILABLE,@Spark}
20/10/08 19:11:48 INFO ContextHandler: Started o.s.j.s.ServletContextHandler@1c807b1d{/storage,null,AVAILABLE,@Spark}
20/10/08 19:11:48 INFO ContextHandler: Started o.s.j.s.ServletContextHandler@238b521e{/storage/json,null,AVAILABLE,@Spark}
20/10/08 19:11:48 INFO ContextHandler: Started o.s.j.s.ServletContextHandler@1b39fd82{/storage/rdd,null,AVAILABLE,@Spark}
20/10/08 19:11:48 INFO ContextHandler: Started o.s.j.s.ServletContextHandler@3e2fc448{/storage/rdd/json,null,AVAILABLE,@Spark}
20/10/08 19:11:48 INFO ContextHandler: Started o.s.j.s.ServletContextHandler@21680803{/environment,null,AVAILABLE,@Spark}
20/10/08 19:11:48 INFO ContextHandler: Started o.s.j.s.ServletContextHandler@588ab592{/environment/json,null,AVAILABLE,@Spark}
20/10/08 19:11:48 INFO ContextHandler: Started o.s.j.s.ServletContextHandler@c8b96ec{/executors,null,AVAILABLE,@Spark}
20/10/08 19:11:48 INFO ContextHandler: Started o.s.j.s.ServletContextHandler@4cc61eb1{/executors/json,null,AVAILABLE,@Spark}
20/10/08 19:11:48 INFO ContextHandler: Started o.s.j.s.ServletContextHandler@2d8f2f3a{/executors/threadDump,null,AVAILABLE,@Spark}
20/10/08 19:11:48 INFO ContextHandler: Started o.s.j.s.ServletContextHandler@2024293c{/executors/threadDump/json,null,AVAILABLE,@Spark}
20/10/08 19:11:48 INFO ContextHandler: Started o.s.j.s.ServletContextHandler@7048f722{/static,null,AVAILABLE,@Spark}
20/10/08 19:11:48 INFO ContextHandler: Started o.s.j.s.ServletContextHandler@4d157787{/,null,AVAILABLE,@Spark}
20/10/08 19:11:48 INFO ContextHandler: Started o.s.j.s.ServletContextHandler@68ed96ca{/api,null,AVAILABLE,@Spark}
20/10/08 19:11:48 INFO ContextHandler: Started o.s.j.s.ServletContextHandler@50b8ae8d{/jobs/job/kill,null,AVAILABLE,@Spark}
20/10/08 19:11:48 INFO ContextHandler: Started o.s.j.s.ServletContextHandler@255990cc{/stages/stage/kill,null,AVAILABLE,@Spark}
20/10/08 19:11:48 INFO SparkUI: Bound SparkUI to 0.0.0.0, and started at http://nid00695:4040
20/10/08 19:11:48 INFO SparkContext: Added JAR file:/global/cscratch1/sd/gguidi/IPDPS2021/SORA/src/TransitiveEdgeReduction/target/scala-2.11/transitive-edge-reduction-module_2.11-1.0.jar at spark://nid00695:43469/jars/transitive-edge-reduction-module_2.11-1.0.jar with timestamp 1602209508884
20/10/08 19:11:48 INFO Executor: Starting executor ID driver on host localhost
20/10/08 19:11:48 INFO Utils: Successfully started service 'org.apache.spark.network.netty.NettyBlockTransferService' on port 44039.
20/10/08 19:11:48 INFO NettyBlockTransferService: Server created on nid00695:44039
20/10/08 19:11:48 INFO BlockManager: Using org.apache.spark.storage.RandomBlockReplicationPolicy for block replication policy
20/10/08 19:11:48 INFO BlockManagerMaster: Registering BlockManager BlockManagerId(driver, nid00695, 44039, None)
20/10/08 19:11:48 INFO BlockManagerMasterEndpoint: Registering block manager nid00695:44039 with 53.2 GB RAM, BlockManagerId(driver, nid00695, 44039, None)
20/10/08 19:11:48 INFO BlockManagerMaster: Registered BlockManager BlockManagerId(driver, nid00695, 44039, None)
20/10/08 19:11:48 INFO BlockManager: Initialized BlockManager: BlockManagerId(driver, nid00695, 44039, None)
20/10/08 19:11:49 INFO ContextHandler: Started o.s.j.s.ServletContextHandler@4b1c0397{/metrics/json,null,AVAILABLE,@Spark}
20/10/08 19:11:50 INFO EventLoggingListener: Logging events to file:/global/cscratch1/sd/gguidi/spark/event_logs/local-1602209508912
20/10/08 19:11:51 INFO MemoryStore: Block broadcast_0 stored as values in memory (estimated size 299.9 KB, free 53.2 GB)
20/10/08 19:11:52 INFO MemoryStore: Block broadcast_0_piece0 stored as bytes in memory (estimated size 22.9 KB, free 53.2 GB)
20/10/08 19:11:52 INFO BlockManagerInfo: Added broadcast_0_piece0 in memory on nid00695:44039 (size: 22.9 KB, free: 53.2 GB)
20/10/08 19:11:52 INFO SparkContext: Created broadcast 0 from textFile at TransitiveEdgeReductionMain.scala:44
20/10/08 19:11:59 INFO FileInputFormat: Total input paths to process : 1
====================================================
Transitive edge reduction started!
20/10/08 19:11:59 INFO SparkContext: Starting job: reduce at EdgeRDDImpl.scala:90
20/10/08 19:11:59 INFO DAGScheduler: Got job 0 (reduce at EdgeRDDImpl.scala:90) with 2 output partitions
20/10/08 19:11:59 INFO DAGScheduler: Final stage: ResultStage 0 (reduce at EdgeRDDImpl.scala:90)
20/10/08 19:11:59 INFO DAGScheduler: Parents of final stage: List()
20/10/08 19:11:59 INFO DAGScheduler: Missing parents: List()
20/10/08 19:11:59 INFO DAGScheduler: Submitting ResultStage 0 (MapPartitionsRDD[12] at map at EdgeRDDImpl.scala:90), which has no missing parents
20/10/08 19:11:59 INFO MemoryStore: Block broadcast_1 stored as values in memory (estimated size 4.2 KB, free 53.2 GB)
20/10/08 19:11:59 INFO MemoryStore: Block broadcast_1_piece0 stored as bytes in memory (estimated size 2.4 KB, free 53.2 GB)
20/10/08 19:11:59 INFO BlockManagerInfo: Added broadcast_1_piece0 in memory on nid00695:44039 (size: 2.4 KB, free: 53.2 GB)
20/10/08 19:11:59 INFO SparkContext: Created broadcast 1 from broadcast at DAGScheduler.scala:1039
20/10/08 19:11:59 INFO DAGScheduler: Submitting 2 missing tasks from ResultStage 0 (MapPartitionsRDD[12] at map at EdgeRDDImpl.scala:90) (first 15 tasks are for partitions Vector(0, 1))
20/10/08 19:11:59 INFO TaskSchedulerImpl: Adding task set 0.0 with 2 tasks
20/10/08 19:11:59 INFO TaskSetManager: Starting task 0.0 in stage 0.0 (TID 0, localhost, executor driver, partition 0, PROCESS_LOCAL, 7948 bytes)
20/10/08 19:11:59 INFO TaskSetManager: Starting task 1.0 in stage 0.0 (TID 1, localhost, executor driver, partition 1, PROCESS_LOCAL, 7948 bytes)
20/10/08 19:11:59 INFO Executor: Running task 0.0 in stage 0.0 (TID 0)
20/10/08 19:11:59 INFO Executor: Running task 1.0 in stage 0.0 (TID 1)
20/10/08 19:11:59 INFO HadoopRDD: Input split: file:/global/cscratch1/sd/gguidi/IPDPS2021/SORA/diBELLA.ecsample30x.haswell.2.result.mm_edge_list.txt:2257504+2257505
20/10/08 19:11:59 INFO HadoopRDD: Input split: file:/global/cscratch1/sd/gguidi/IPDPS2021/SORA/diBELLA.ecsample30x.haswell.2.result.mm_edge_list.txt:0+2257504
20/10/08 19:12:04 INFO MemoryStore: Block rdd_3_0 stored as values in memory (estimated size 7.9 MB, free 53.1 GB)
20/10/08 19:12:04 INFO MemoryStore: Block rdd_3_1 stored as values in memory (estimated size 7.7 MB, free 53.1 GB)
20/10/08 19:12:04 INFO BlockManagerInfo: Added rdd_3_0 in memory on nid00695:44039 (size: 7.9 MB, free: 53.1 GB)
20/10/08 19:12:04 INFO BlockManagerInfo: Added rdd_3_1 in memory on nid00695:44039 (size: 7.7 MB, free: 53.1 GB)
20/10/08 19:12:04 INFO Executor: Finished task 0.0 in stage 0.0 (TID 0). 756 bytes result sent to driver
20/10/08 19:12:04 INFO Executor: Finished task 1.0 in stage 0.0 (TID 1). 799 bytes result sent to driver
20/10/08 19:12:04 INFO TaskSetManager: Finished task 0.0 in stage 0.0 (TID 0) in 5618 ms on localhost (executor driver) (1/2)
20/10/08 19:12:04 INFO TaskSetManager: Finished task 1.0 in stage 0.0 (TID 1) in 5609 ms on localhost (executor driver) (2/2)
20/10/08 19:12:04 INFO TaskSchedulerImpl: Removed TaskSet 0.0, whose tasks have all completed, from pool 
20/10/08 19:12:04 INFO DAGScheduler: ResultStage 0 (reduce at EdgeRDDImpl.scala:90) finished in 5.703 s
20/10/08 19:12:04 INFO DAGScheduler: Job 0 finished: reduce at EdgeRDDImpl.scala:90, took 5.751556 s
Number of edges of the graph before transitive edge reduction: 107538

====================================================
Transitive edge reduction done!
20/10/08 19:12:07 INFO SparkContext: Starting job: reduce at EdgeRDDImpl.scala:90
20/10/08 19:12:07 INFO DAGScheduler: Registering RDD 6 (mapPartitions at VertexRDD.scala:356)
20/10/08 19:12:07 INFO DAGScheduler: Registering RDD 13 (mapPartitions at VertexRDDImpl.scala:247)
20/10/08 19:12:07 INFO DAGScheduler: Registering RDD 17 (mapPartitions at GraphImpl.scala:207)
20/10/08 19:12:07 INFO DAGScheduler: Registering RDD 27 (mapPartitions at VertexRDDImpl.scala:247)
20/10/08 19:12:07 INFO DAGScheduler: Got job 1 (reduce at EdgeRDDImpl.scala:90) with 2 output partitions
20/10/08 19:12:07 INFO DAGScheduler: Final stage: ResultStage 5 (reduce at EdgeRDDImpl.scala:90)
20/10/08 19:12:07 INFO DAGScheduler: Parents of final stage: List(ShuffleMapStage 2, ShuffleMapStage 4)
20/10/08 19:12:07 INFO DAGScheduler: Missing parents: List(ShuffleMapStage 2, ShuffleMapStage 4)
20/10/08 19:12:07 INFO DAGScheduler: Submitting ShuffleMapStage 1 (VertexRDD.createRoutingTables - vid2pid (aggregation) MapPartitionsRDD[6] at mapPartitions at VertexRDD.scala:356), which has no missing parents
20/10/08 19:12:07 INFO MemoryStore: Block broadcast_2 stored as values in memory (estimated size 5.2 KB, free 53.1 GB)
20/10/08 19:12:07 INFO MemoryStore: Block broadcast_2_piece0 stored as bytes in memory (estimated size 3.0 KB, free 53.1 GB)
20/10/08 19:12:07 INFO BlockManagerInfo: Added broadcast_2_piece0 in memory on nid00695:44039 (size: 3.0 KB, free: 53.1 GB)
20/10/08 19:12:07 INFO SparkContext: Created broadcast 2 from broadcast at DAGScheduler.scala:1039
20/10/08 19:12:07 INFO DAGScheduler: Submitting 2 missing tasks from ShuffleMapStage 1 (VertexRDD.createRoutingTables - vid2pid (aggregation) MapPartitionsRDD[6] at mapPartitions at VertexRDD.scala:356) (first 15 tasks are for partitions Vector(0, 1))
20/10/08 19:12:07 INFO TaskSchedulerImpl: Adding task set 1.0 with 2 tasks
20/10/08 19:12:07 INFO TaskSetManager: Starting task 0.0 in stage 1.0 (TID 2, localhost, executor driver, partition 0, PROCESS_LOCAL, 7937 bytes)
20/10/08 19:12:07 INFO TaskSetManager: Starting task 1.0 in stage 1.0 (TID 3, localhost, executor driver, partition 1, PROCESS_LOCAL, 7937 bytes)
20/10/08 19:12:07 INFO Executor: Running task 0.0 in stage 1.0 (TID 2)
20/10/08 19:12:07 INFO Executor: Running task 1.0 in stage 1.0 (TID 3)
20/10/08 19:12:07 INFO BlockManager: Found block rdd_3_0 locally
20/10/08 19:12:07 INFO BlockManager: Found block rdd_3_1 locally
20/10/08 19:12:07 INFO Executor: Finished task 0.0 in stage 1.0 (TID 2). 909 bytes result sent to driver
20/10/08 19:12:07 INFO Executor: Finished task 1.0 in stage 1.0 (TID 3). 909 bytes result sent to driver
20/10/08 19:12:07 INFO TaskSetManager: Finished task 1.0 in stage 1.0 (TID 3) in 141 ms on localhost (executor driver) (1/2)
20/10/08 19:12:07 INFO TaskSetManager: Finished task 0.0 in stage 1.0 (TID 2) in 144 ms on localhost (executor driver) (2/2)
20/10/08 19:12:07 INFO TaskSchedulerImpl: Removed TaskSet 1.0, whose tasks have all completed, from pool 
20/10/08 19:12:07 INFO DAGScheduler: ShuffleMapStage 1 (mapPartitions at VertexRDD.scala:356) finished in 0.165 s
20/10/08 19:12:07 INFO DAGScheduler: looking for newly runnable stages
20/10/08 19:12:07 INFO DAGScheduler: running: Set()
20/10/08 19:12:07 INFO DAGScheduler: waiting: Set(ResultStage 5, ShuffleMapStage 2, ShuffleMapStage 3, ShuffleMapStage 4)
20/10/08 19:12:07 INFO DAGScheduler: failed: Set()
20/10/08 19:12:07 INFO DAGScheduler: Submitting ShuffleMapStage 2 (ReplicatedVertexView.upgrade(true, true) - shippedVerts true true (broadcast) MapPartitionsRDD[13] at mapPartitions at VertexRDDImpl.scala:247), which has no missing parents
20/10/08 19:12:07 INFO MemoryStore: Block broadcast_3 stored as values in memory (estimated size 4.3 KB, free 53.1 GB)
20/10/08 19:12:07 INFO MemoryStore: Block broadcast_3_piece0 stored as bytes in memory (estimated size 2.5 KB, free 53.1 GB)
20/10/08 19:12:07 INFO BlockManagerInfo: Added broadcast_3_piece0 in memory on nid00695:44039 (size: 2.5 KB, free: 53.1 GB)
20/10/08 19:12:07 INFO SparkContext: Created broadcast 3 from broadcast at DAGScheduler.scala:1039
20/10/08 19:12:07 INFO DAGScheduler: Submitting 2 missing tasks from ShuffleMapStage 2 (ReplicatedVertexView.upgrade(true, true) - shippedVerts true true (broadcast) MapPartitionsRDD[13] at mapPartitions at VertexRDDImpl.scala:247) (first 15 tasks are for partitions Vector(0, 1))
20/10/08 19:12:07 INFO TaskSchedulerImpl: Adding task set 2.0 with 2 tasks
20/10/08 19:12:07 INFO TaskSetManager: Starting task 0.0 in stage 2.0 (TID 4, localhost, executor driver, partition 0, ANY, 7638 bytes)
20/10/08 19:12:07 INFO TaskSetManager: Starting task 1.0 in stage 2.0 (TID 5, localhost, executor driver, partition 1, ANY, 7638 bytes)
20/10/08 19:12:07 INFO Executor: Running task 0.0 in stage 2.0 (TID 4)
20/10/08 19:12:07 INFO Executor: Running task 1.0 in stage 2.0 (TID 5)
20/10/08 19:12:07 INFO ShuffleBlockFetcherIterator: Getting 2 non-empty blocks out of 2 blocks
20/10/08 19:12:07 INFO ShuffleBlockFetcherIterator: Getting 2 non-empty blocks out of 2 blocks
20/10/08 19:12:07 INFO ShuffleBlockFetcherIterator: Started 0 remote fetches in 4 ms
20/10/08 19:12:07 INFO ShuffleBlockFetcherIterator: Started 0 remote fetches in 4 ms
20/10/08 19:12:07 INFO MemoryStore: Block rdd_9_1 stored as values in memory (estimated size 310.2 KB, free 53.1 GB)
20/10/08 19:12:07 INFO MemoryStore: Block rdd_9_0 stored as values in memory (estimated size 309.6 KB, free 53.1 GB)
20/10/08 19:12:07 INFO BlockManagerInfo: Added rdd_9_1 in memory on nid00695:44039 (size: 310.2 KB, free: 53.1 GB)
20/10/08 19:12:07 INFO BlockManagerInfo: Added rdd_9_0 in memory on nid00695:44039 (size: 309.6 KB, free: 53.1 GB)
20/10/08 19:12:07 INFO Executor: Finished task 1.0 in stage 2.0 (TID 5). 1124 bytes result sent to driver
20/10/08 19:12:07 INFO Executor: Finished task 0.0 in stage 2.0 (TID 4). 1124 bytes result sent to driver
20/10/08 19:12:07 INFO TaskSetManager: Finished task 1.0 in stage 2.0 (TID 5) in 133 ms on localhost (executor driver) (1/2)
20/10/08 19:12:07 INFO TaskSetManager: Finished task 0.0 in stage 2.0 (TID 4) in 135 ms on localhost (executor driver) (2/2)
20/10/08 19:12:07 INFO TaskSchedulerImpl: Removed TaskSet 2.0, whose tasks have all completed, from pool 
20/10/08 19:12:07 INFO DAGScheduler: ShuffleMapStage 2 (mapPartitions at VertexRDDImpl.scala:247) finished in 0.150 s
20/10/08 19:12:07 INFO DAGScheduler: looking for newly runnable stages
20/10/08 19:12:07 INFO DAGScheduler: running: Set()
20/10/08 19:12:07 INFO DAGScheduler: waiting: Set(ResultStage 5, ShuffleMapStage 3, ShuffleMapStage 4)
20/10/08 19:12:07 INFO DAGScheduler: failed: Set()
20/10/08 19:12:07 INFO DAGScheduler: Submitting ShuffleMapStage 3 (GraphImpl.aggregateMessages - preAgg MapPartitionsRDD[17] at mapPartitions at GraphImpl.scala:207), which has no missing parents
20/10/08 19:12:07 INFO MemoryStore: Block broadcast_4 stored as values in memory (estimated size 6.6 KB, free 53.1 GB)
20/10/08 19:12:07 INFO MemoryStore: Block broadcast_4_piece0 stored as bytes in memory (estimated size 3.7 KB, free 53.1 GB)
20/10/08 19:12:07 INFO BlockManagerInfo: Added broadcast_4_piece0 in memory on nid00695:44039 (size: 3.7 KB, free: 53.1 GB)
20/10/08 19:12:07 INFO SparkContext: Created broadcast 4 from broadcast at DAGScheduler.scala:1039
20/10/08 19:12:07 INFO DAGScheduler: Submitting 2 missing tasks from ShuffleMapStage 3 (GraphImpl.aggregateMessages - preAgg MapPartitionsRDD[17] at mapPartitions at GraphImpl.scala:207) (first 15 tasks are for partitions Vector(0, 1))
20/10/08 19:12:07 INFO TaskSchedulerImpl: Adding task set 3.0 with 2 tasks
20/10/08 19:12:07 INFO TaskSetManager: Starting task 0.0 in stage 3.0 (TID 6, localhost, executor driver, partition 0, PROCESS_LOCAL, 8323 bytes)
20/10/08 19:12:07 INFO TaskSetManager: Starting task 1.0 in stage 3.0 (TID 7, localhost, executor driver, partition 1, PROCESS_LOCAL, 8323 bytes)
20/10/08 19:12:07 INFO Executor: Running task 0.0 in stage 3.0 (TID 6)
20/10/08 19:12:07 INFO Executor: Running task 1.0 in stage 3.0 (TID 7)
20/10/08 19:12:07 INFO BlockManager: Found block rdd_3_1 locally
20/10/08 19:12:07 INFO BlockManager: Found block rdd_3_0 locally
20/10/08 19:12:07 INFO ShuffleBlockFetcherIterator: Getting 2 non-empty blocks out of 2 blocks
20/10/08 19:12:07 INFO ShuffleBlockFetcherIterator: Getting 2 non-empty blocks out of 2 blocks
20/10/08 19:12:07 INFO ShuffleBlockFetcherIterator: Started 0 remote fetches in 0 ms
20/10/08 19:12:07 INFO ShuffleBlockFetcherIterator: Started 0 remote fetches in 0 ms
20/10/08 19:12:07 INFO Executor: Finished task 1.0 in stage 3.0 (TID 7). 1210 bytes result sent to driver
20/10/08 19:12:07 INFO TaskSetManager: Finished task 1.0 in stage 3.0 (TID 7) in 311 ms on localhost (executor driver) (1/2)
20/10/08 19:12:07 INFO Executor: Finished task 0.0 in stage 3.0 (TID 6). 1210 bytes result sent to driver
20/10/08 19:12:07 INFO TaskSetManager: Finished task 0.0 in stage 3.0 (TID 6) in 317 ms on localhost (executor driver) (2/2)
20/10/08 19:12:07 INFO TaskSchedulerImpl: Removed TaskSet 3.0, whose tasks have all completed, from pool 
20/10/08 19:12:07 INFO DAGScheduler: ShuffleMapStage 3 (mapPartitions at GraphImpl.scala:207) finished in 0.327 s
20/10/08 19:12:07 INFO DAGScheduler: looking for newly runnable stages
20/10/08 19:12:07 INFO DAGScheduler: running: Set()
20/10/08 19:12:07 INFO DAGScheduler: waiting: Set(ResultStage 5, ShuffleMapStage 4)
20/10/08 19:12:07 INFO DAGScheduler: failed: Set()
20/10/08 19:12:07 INFO DAGScheduler: Submitting ShuffleMapStage 4 (ReplicatedVertexView.upgrade(true, true) - shippedVerts true true (broadcast) MapPartitionsRDD[27] at mapPartitions at VertexRDDImpl.scala:247), which has no missing parents
20/10/08 19:12:07 INFO MemoryStore: Block broadcast_5 stored as values in memory (estimated size 5.7 KB, free 53.1 GB)
20/10/08 19:12:08 INFO MemoryStore: Block broadcast_5_piece0 stored as bytes in memory (estimated size 3.1 KB, free 53.1 GB)
20/10/08 19:12:08 INFO BlockManagerInfo: Added broadcast_5_piece0 in memory on nid00695:44039 (size: 3.1 KB, free: 53.1 GB)
20/10/08 19:12:08 INFO SparkContext: Created broadcast 5 from broadcast at DAGScheduler.scala:1039
20/10/08 19:12:08 INFO DAGScheduler: Submitting 2 missing tasks from ShuffleMapStage 4 (ReplicatedVertexView.upgrade(true, true) - shippedVerts true true (broadcast) MapPartitionsRDD[27] at mapPartitions at VertexRDDImpl.scala:247) (first 15 tasks are for partitions Vector(0, 1))
20/10/08 19:12:08 INFO TaskSchedulerImpl: Adding task set 4.0 with 2 tasks
20/10/08 19:12:08 INFO TaskSetManager: Starting task 0.0 in stage 4.0 (TID 8, localhost, executor driver, partition 0, PROCESS_LOCAL, 8022 bytes)
20/10/08 19:12:08 INFO TaskSetManager: Starting task 1.0 in stage 4.0 (TID 9, localhost, executor driver, partition 1, PROCESS_LOCAL, 8022 bytes)
20/10/08 19:12:08 INFO Executor: Running task 0.0 in stage 4.0 (TID 8)
20/10/08 19:12:08 INFO Executor: Running task 1.0 in stage 4.0 (TID 9)
20/10/08 19:12:08 INFO BlockManager: Found block rdd_9_1 locally
20/10/08 19:12:08 INFO BlockManager: Found block rdd_9_0 locally
20/10/08 19:12:08 INFO BlockManager: Found block rdd_9_1 locally
20/10/08 19:12:08 INFO BlockManager: Found block rdd_9_0 locally
20/10/08 19:12:08 INFO BlockManager: Found block rdd_9_1 locally
20/10/08 19:12:08 INFO BlockManager: Found block rdd_9_0 locally
20/10/08 19:12:08 INFO ShuffleBlockFetcherIterator: Getting 2 non-empty blocks out of 2 blocks
20/10/08 19:12:08 INFO ShuffleBlockFetcherIterator: Started 0 remote fetches in 0 ms
20/10/08 19:12:08 INFO ShuffleBlockFetcherIterator: Getting 2 non-empty blocks out of 2 blocks
20/10/08 19:12:08 INFO ShuffleBlockFetcherIterator: Started 0 remote fetches in 1 ms
20/10/08 19:12:08 INFO MemoryStore: Block rdd_23_1 stored as values in memory (estimated size 7.4 MB, free 53.1 GB)
20/10/08 19:12:08 INFO BlockManagerInfo: Added rdd_23_1 in memory on nid00695:44039 (size: 7.4 MB, free: 53.1 GB)
20/10/08 19:12:08 INFO MemoryStore: Block rdd_23_0 stored as values in memory (estimated size 9.9 MB, free 53.1 GB)
20/10/08 19:12:08 INFO BlockManagerInfo: Added rdd_23_0 in memory on nid00695:44039 (size: 9.9 MB, free: 53.1 GB)
20/10/08 19:12:08 INFO ContextCleaner: Cleaned accumulator 15
20/10/08 19:12:08 INFO ContextCleaner: Cleaned accumulator 3
20/10/08 19:12:08 INFO ContextCleaner: Cleaned accumulator 22
20/10/08 19:12:08 INFO ContextCleaner: Cleaned accumulator 9
20/10/08 19:12:08 INFO ContextCleaner: Cleaned accumulator 7
20/10/08 19:12:08 INFO BlockManagerInfo: Removed broadcast_3_piece0 on nid00695:44039 in memory (size: 2.5 KB, free: 53.1 GB)
20/10/08 19:12:08 INFO ContextCleaner: Cleaned accumulator 11
20/10/08 19:12:08 INFO BlockManagerInfo: Removed broadcast_1_piece0 on nid00695:44039 in memory (size: 2.4 KB, free: 53.1 GB)
20/10/08 19:12:08 INFO ContextCleaner: Cleaned accumulator 20
20/10/08 19:12:08 INFO ContextCleaner: Cleaned accumulator 4
20/10/08 19:12:08 INFO ContextCleaner: Cleaned accumulator 6
20/10/08 19:12:08 INFO BlockManagerInfo: Removed broadcast_4_piece0 on nid00695:44039 in memory (size: 3.7 KB, free: 53.1 GB)
20/10/08 19:12:08 INFO BlockManagerInfo: Removed broadcast_2_piece0 on nid00695:44039 in memory (size: 3.0 KB, free: 53.1 GB)
20/10/08 19:12:08 INFO ContextCleaner: Cleaned accumulator 10
20/10/08 19:12:08 INFO ContextCleaner: Cleaned accumulator 17
20/10/08 19:12:08 INFO ContextCleaner: Cleaned accumulator 21
20/10/08 19:12:08 INFO ContextCleaner: Cleaned accumulator 5
20/10/08 19:12:08 INFO ContextCleaner: Cleaned accumulator 23
20/10/08 19:12:08 INFO ContextCleaner: Cleaned accumulator 16
20/10/08 19:12:08 INFO ContextCleaner: Cleaned accumulator 1
20/10/08 19:12:08 INFO ContextCleaner: Cleaned accumulator 13
20/10/08 19:12:08 INFO ContextCleaner: Cleaned accumulator 0
20/10/08 19:12:08 INFO ContextCleaner: Cleaned accumulator 19
20/10/08 19:12:08 INFO ContextCleaner: Cleaned accumulator 18
20/10/08 19:12:08 INFO ContextCleaner: Cleaned accumulator 2
20/10/08 19:12:08 INFO ContextCleaner: Cleaned accumulator 8
20/10/08 19:12:08 INFO ContextCleaner: Cleaned accumulator 12
20/10/08 19:12:08 INFO ContextCleaner: Cleaned accumulator 24
20/10/08 19:12:08 INFO ContextCleaner: Cleaned accumulator 14
20/10/08 19:12:09 INFO Executor: 1 block locks were not released by TID = 8:
[rdd_9_0]
20/10/08 19:12:09 INFO Executor: 1 block locks were not released by TID = 9:
[rdd_9_1]
20/10/08 19:12:09 INFO Executor: Finished task 0.0 in stage 4.0 (TID 8). 1253 bytes result sent to driver
20/10/08 19:12:09 INFO Executor: Finished task 1.0 in stage 4.0 (TID 9). 1253 bytes result sent to driver
20/10/08 19:12:09 INFO TaskSetManager: Finished task 1.0 in stage 4.0 (TID 9) in 1101 ms on localhost (executor driver) (1/2)
20/10/08 19:12:09 INFO TaskSetManager: Finished task 0.0 in stage 4.0 (TID 8) in 1102 ms on localhost (executor driver) (2/2)
20/10/08 19:12:09 INFO TaskSchedulerImpl: Removed TaskSet 4.0, whose tasks have all completed, from pool 
20/10/08 19:12:09 INFO DAGScheduler: ShuffleMapStage 4 (mapPartitions at VertexRDDImpl.scala:247) finished in 1.110 s
20/10/08 19:12:09 INFO DAGScheduler: looking for newly runnable stages
20/10/08 19:12:09 INFO DAGScheduler: running: Set()
20/10/08 19:12:09 INFO DAGScheduler: waiting: Set(ResultStage 5)
20/10/08 19:12:09 INFO DAGScheduler: failed: Set()
20/10/08 19:12:09 INFO DAGScheduler: Submitting ResultStage 5 (MapPartitionsRDD[37] at map at EdgeRDDImpl.scala:90), which has no missing parents
20/10/08 19:12:09 INFO MemoryStore: Block broadcast_6 stored as values in memory (estimated size 7.8 KB, free 53.1 GB)
20/10/08 19:12:09 INFO MemoryStore: Block broadcast_6_piece0 stored as bytes in memory (estimated size 4.1 KB, free 53.1 GB)
20/10/08 19:12:09 INFO BlockManagerInfo: Added broadcast_6_piece0 in memory on nid00695:44039 (size: 4.1 KB, free: 53.1 GB)
20/10/08 19:12:09 INFO SparkContext: Created broadcast 6 from broadcast at DAGScheduler.scala:1039
20/10/08 19:12:09 INFO DAGScheduler: Submitting 2 missing tasks from ResultStage 5 (MapPartitionsRDD[37] at map at EdgeRDDImpl.scala:90) (first 15 tasks are for partitions Vector(0, 1))
20/10/08 19:12:09 INFO TaskSchedulerImpl: Adding task set 5.0 with 2 tasks
20/10/08 19:12:09 INFO TaskSetManager: Starting task 0.0 in stage 5.0 (TID 10, localhost, executor driver, partition 0, PROCESS_LOCAL, 8375 bytes)
20/10/08 19:12:09 INFO TaskSetManager: Starting task 1.0 in stage 5.0 (TID 11, localhost, executor driver, partition 1, PROCESS_LOCAL, 8375 bytes)
20/10/08 19:12:09 INFO Executor: Running task 0.0 in stage 5.0 (TID 10)
20/10/08 19:12:09 INFO Executor: Running task 1.0 in stage 5.0 (TID 11)
20/10/08 19:12:09 INFO BlockManager: Found block rdd_3_0 locally
20/10/08 19:12:09 INFO BlockManager: Found block rdd_3_1 locally
20/10/08 19:12:09 INFO ShuffleBlockFetcherIterator: Getting 2 non-empty blocks out of 2 blocks
20/10/08 19:12:09 INFO ShuffleBlockFetcherIterator: Getting 2 non-empty blocks out of 2 blocks
20/10/08 19:12:09 INFO ShuffleBlockFetcherIterator: Started 0 remote fetches in 0 ms
20/10/08 19:12:09 INFO ShuffleBlockFetcherIterator: Started 0 remote fetches in 0 ms
20/10/08 19:12:09 INFO MemoryStore: Block rdd_25_1 stored as values in memory (estimated size 7.8 MB, free 53.1 GB)
20/10/08 19:12:09 INFO MemoryStore: Block rdd_25_0 stored as values in memory (estimated size 8.0 MB, free 53.1 GB)
20/10/08 19:12:09 INFO BlockManagerInfo: Added rdd_25_1 in memory on nid00695:44039 (size: 7.8 MB, free: 53.1 GB)
20/10/08 19:12:09 INFO BlockManagerInfo: Added rdd_25_0 in memory on nid00695:44039 (size: 8.0 MB, free: 53.1 GB)
20/10/08 19:12:09 INFO ShuffleBlockFetcherIterator: Getting 2 non-empty blocks out of 2 blocks
20/10/08 19:12:09 INFO ShuffleBlockFetcherIterator: Started 0 remote fetches in 0 ms
20/10/08 19:12:09 INFO ShuffleBlockFetcherIterator: Getting 2 non-empty blocks out of 2 blocks
20/10/08 19:12:09 INFO ShuffleBlockFetcherIterator: Started 0 remote fetches in 0 ms
20/10/08 19:12:09 INFO BlockManagerInfo: Removed broadcast_5_piece0 on nid00695:44039 in memory (size: 3.1 KB, free: 53.1 GB)
20/10/08 19:12:09 INFO MemoryStore: Block rdd_31_0 stored as values in memory (estimated size 28.2 MB, free 53.1 GB)
20/10/08 19:12:09 INFO BlockManagerInfo: Added rdd_31_0 in memory on nid00695:44039 (size: 28.2 MB, free: 53.1 GB)
20/10/08 19:12:09 INFO MemoryStore: Block rdd_31_1 stored as values in memory (estimated size 27.9 MB, free 53.1 GB)
20/10/08 19:12:09 INFO BlockManagerInfo: Added rdd_31_1 in memory on nid00695:44039 (size: 27.9 MB, free: 53.1 GB)
20/10/08 19:12:09 INFO Executor: 3 block locks were not released by TID = 10:
[rdd_3_0, rdd_31_0, rdd_25_0]
20/10/08 19:12:09 INFO Executor: 3 block locks were not released by TID = 11:
[rdd_3_1, rdd_25_1, rdd_31_1]
20/10/08 19:12:09 INFO Executor: Finished task 0.0 in stage 5.0 (TID 10). 1100 bytes result sent to driver
20/10/08 19:12:09 INFO TaskSetManager: Finished task 0.0 in stage 5.0 (TID 10) in 829 ms on localhost (executor driver) (1/2)
20/10/08 19:12:09 INFO Executor: Finished task 1.0 in stage 5.0 (TID 11). 1100 bytes result sent to driver
20/10/08 19:12:09 INFO TaskSetManager: Finished task 1.0 in stage 5.0 (TID 11) in 831 ms on localhost (executor driver) (2/2)
20/10/08 19:12:09 INFO TaskSchedulerImpl: Removed TaskSet 5.0, whose tasks have all completed, from pool 
20/10/08 19:12:09 INFO DAGScheduler: ResultStage 5 (reduce at EdgeRDDImpl.scala:90) finished in 0.837 s
20/10/08 19:12:09 INFO DAGScheduler: Job 1 finished: reduce at EdgeRDDImpl.scala:90, took 2.623576 s
Number of edges of the graph after transitive edge reduction: 51610

Exception in thread "main" org.apache.hadoop.mapred.FileAlreadyExistsException: Output directory file:/global/cscratch1/sd/gguidi/IPDPS2021/SORA/TERResultParts already exists
	at org.apache.hadoop.mapred.FileOutputFormat.checkOutputSpecs(FileOutputFormat.java:131)
	at org.apache.spark.internal.io.HadoopMapRedWriteConfigUtil.assertConf(SparkHadoopWriter.scala:283)
	at org.apache.spark.internal.io.SparkHadoopWriter$.write(SparkHadoopWriter.scala:71)
	at org.apache.spark.rdd.PairRDDFunctions$$anonfun$saveAsHadoopDataset$1.apply$mcV$sp(PairRDDFunctions.scala:1096)
	at org.apache.spark.rdd.PairRDDFunctions$$anonfun$saveAsHadoopDataset$1.apply(PairRDDFunctions.scala:1094)
	at org.apache.spark.rdd.PairRDDFunctions$$anonfun$saveAsHadoopDataset$1.apply(PairRDDFunctions.scala:1094)
	at org.apache.spark.rdd.RDDOperationScope$.withScope(RDDOperationScope.scala:151)
	at org.apache.spark.rdd.RDDOperationScope$.withScope(RDDOperationScope.scala:112)
	at org.apache.spark.rdd.RDD.withScope(RDD.scala:363)
	at org.apache.spark.rdd.PairRDDFunctions.saveAsHadoopDataset(PairRDDFunctions.scala:1094)
	at org.apache.spark.rdd.PairRDDFunctions$$anonfun$saveAsHadoopFile$4.apply$mcV$sp(PairRDDFunctions.scala:1067)
	at org.apache.spark.rdd.PairRDDFunctions$$anonfun$saveAsHadoopFile$4.apply(PairRDDFunctions.scala:1032)
	at org.apache.spark.rdd.PairRDDFunctions$$anonfun$saveAsHadoopFile$4.apply(PairRDDFunctions.scala:1032)
	at org.apache.spark.rdd.RDDOperationScope$.withScope(RDDOperationScope.scala:151)
	at org.apache.spark.rdd.RDDOperationScope$.withScope(RDDOperationScope.scala:112)
	at org.apache.spark.rdd.RDD.withScope(RDD.scala:363)
	at org.apache.spark.rdd.PairRDDFunctions.saveAsHadoopFile(PairRDDFunctions.scala:1032)
	at org.apache.spark.rdd.PairRDDFunctions$$anonfun$saveAsHadoopFile$1.apply$mcV$sp(PairRDDFunctions.scala:958)
	at org.apache.spark.rdd.PairRDDFunctions$$anonfun$saveAsHadoopFile$1.apply(PairRDDFunctions.scala:958)
	at org.apache.spark.rdd.PairRDDFunctions$$anonfun$saveAsHadoopFile$1.apply(PairRDDFunctions.scala:958)
	at org.apache.spark.rdd.RDDOperationScope$.withScope(RDDOperationScope.scala:151)
	at org.apache.spark.rdd.RDDOperationScope$.withScope(RDDOperationScope.scala:112)
	at org.apache.spark.rdd.RDD.withScope(RDD.scala:363)
	at org.apache.spark.rdd.PairRDDFunctions.saveAsHadoopFile(PairRDDFunctions.scala:957)
	at org.apache.spark.rdd.RDD$$anonfun$saveAsTextFile$1.apply$mcV$sp(RDD.scala:1493)
	at org.apache.spark.rdd.RDD$$anonfun$saveAsTextFile$1.apply(RDD.scala:1472)
	at org.apache.spark.rdd.RDD$$anonfun$saveAsTextFile$1.apply(RDD.scala:1472)
	at org.apache.spark.rdd.RDDOperationScope$.withScope(RDDOperationScope.scala:151)
	at org.apache.spark.rdd.RDDOperationScope$.withScope(RDDOperationScope.scala:112)
	at org.apache.spark.rdd.RDD.withScope(RDD.scala:363)
	at org.apache.spark.rdd.RDD.saveAsTextFile(RDD.scala:1472)
	at TransitiveEdgeReduction$.main(TransitiveEdgeReductionMain.scala:246)
	at TransitiveEdgeReduction.main(TransitiveEdgeReductionMain.scala)
	at sun.reflect.NativeMethodAccessorImpl.invoke0(Native Method)
	at sun.reflect.NativeMethodAccessorImpl.invoke(NativeMethodAccessorImpl.java:62)
	at sun.reflect.DelegatingMethodAccessorImpl.invoke(DelegatingMethodAccessorImpl.java:43)
	at java.lang.reflect.Method.invoke(Method.java:498)
	at org.apache.spark.deploy.JavaMainApplication.start(SparkApplication.scala:52)
	at org.apache.spark.deploy.SparkSubmit$.org$apache$spark$deploy$SparkSubmit$$runMain(SparkSubmit.scala:879)
	at org.apache.spark.deploy.SparkSubmit$.doRunMain$1(SparkSubmit.scala:197)
	at org.apache.spark.deploy.SparkSubmit$.submit(SparkSubmit.scala:227)
	at org.apache.spark.deploy.SparkSubmit$.main(SparkSubmit.scala:136)
	at org.apache.spark.deploy.SparkSubmit.main(SparkSubmit.scala)
20/10/08 19:12:10 INFO SparkContext: Invoking stop() from shutdown hook
20/10/08 19:12:10 INFO AbstractConnector: Stopped Spark@41382722{HTTP/1.1,[http/1.1]}{0.0.0.0:4040}
20/10/08 19:12:10 INFO SparkUI: Stopped Spark web UI at http://nid00695:4040
20/10/08 19:12:10 INFO MapOutputTrackerMasterEndpoint: MapOutputTrackerMasterEndpoint stopped!
20/10/08 19:12:10 INFO MemoryStore: MemoryStore cleared
20/10/08 19:12:10 INFO BlockManager: BlockManager stopped
20/10/08 19:12:10 INFO BlockManagerMaster: BlockManagerMaster stopped
20/10/08 19:12:10 INFO OutputCommitCoordinator$OutputCommitCoordinatorEndpoint: OutputCommitCoordinator stopped!
20/10/08 19:12:10 INFO SparkContext: Successfully stopped SparkContext
20/10/08 19:12:10 INFO ShutdownHookManager: Shutdown hook called
20/10/08 19:12:10 INFO ShutdownHookManager: Deleting directory /tmp/spark-0eeadf88-33b4-41f7-a01d-dee25866a97f
20/10/08 19:12:10 INFO ShutdownHookManager: Deleting directory /tmp/spark-c022e6eb-45b2-4c31-bfa7-d41a8b919b80
