20/10/08 19:10:53 WARN NativeCodeLoader: Unable to load native-hadoop library for your platform... using builtin-java classes where applicable
20/10/08 19:10:54 INFO SparkContext: Running Spark version 2.3.0
20/10/08 19:10:54 WARN SparkConf: In Spark 1.0 and later spark.local.dir will be overridden by the value set by the cluster manager (via SPARK_LOCAL_DIRS in mesos/standalone and LOCAL_DIRS in YARN).
20/10/08 19:10:54 INFO SparkContext: Submitted application: Transitive Edge Reduction Module
20/10/08 19:10:54 INFO SparkContext: Spark configuration:
spark.app.name=Transitive Edge Reduction Module
spark.default.parallelism=64
spark.driver.maxResultSize=5G
spark.driver.memory=100G
spark.eventLog.dir=/global/cscratch1/sd/gguidi/spark/event_logs
spark.eventLog.enabled=true
spark.executor.cores=32
spark.executor.extraClassPath=/global/cscratch1/sd/gguidi/IPDPS2021/SORA/src/TransitiveEdgeReduction/target/scala-2.11/transitive-edge-reduction-module_2.11-1.0.jar
spark.executor.memory=100G
spark.history.fs.logDirectory=/global/cscratch1/sd/gguidi/spark/event_logs
spark.jars=file:/global/cscratch1/sd/gguidi/IPDPS2021/SORA/src/TransitiveEdgeReduction/target/scala-2.11/transitive-edge-reduction-module_2.11-1.0.jar
spark.local.dir=/tmp
spark.logConf=true
spark.master=local[2]
spark.serializer=org.apache.spark.serializer.KryoSerializer
spark.submit.deployMode=client
20/10/08 19:10:54 INFO SecurityManager: Changing view acls to: gguidi
20/10/08 19:10:54 INFO SecurityManager: Changing modify acls to: gguidi
20/10/08 19:10:54 INFO SecurityManager: Changing view acls groups to: 
20/10/08 19:10:54 INFO SecurityManager: Changing modify acls groups to: 
20/10/08 19:10:54 INFO SecurityManager: SecurityManager: authentication disabled; ui acls disabled; users  with view permissions: Set(gguidi); groups with view permissions: Set(); users  with modify permissions: Set(gguidi); groups with modify permissions: Set()
20/10/08 19:10:54 INFO Utils: Successfully started service 'sparkDriver' on port 35707.
20/10/08 19:10:54 INFO SparkEnv: Registering MapOutputTracker
20/10/08 19:10:54 INFO SparkEnv: Registering BlockManagerMaster
20/10/08 19:10:54 INFO BlockManagerMasterEndpoint: Using org.apache.spark.storage.DefaultTopologyMapper for getting topology information
20/10/08 19:10:54 INFO BlockManagerMasterEndpoint: BlockManagerMasterEndpoint up
20/10/08 19:10:54 INFO DiskBlockManager: Created local directory at /tmp/blockmgr-691a8737-d267-4983-9d7f-161941fd1124
20/10/08 19:10:54 INFO MemoryStore: MemoryStore started with capacity 53.2 GB
20/10/08 19:10:54 INFO SparkEnv: Registering OutputCommitCoordinator
20/10/08 19:10:54 INFO log: Logging initialized @3439ms
20/10/08 19:10:54 INFO Server: jetty-9.3.z-SNAPSHOT
20/10/08 19:10:54 INFO Server: Started @3508ms
20/10/08 19:10:54 INFO AbstractConnector: Started ServerConnector@1734f68{HTTP/1.1,[http/1.1]}{0.0.0.0:4040}
20/10/08 19:10:54 INFO Utils: Successfully started service 'SparkUI' on port 4040.
20/10/08 19:10:54 INFO ContextHandler: Started o.s.j.s.ServletContextHandler@344561e0{/jobs,null,AVAILABLE,@Spark}
20/10/08 19:10:54 INFO ContextHandler: Started o.s.j.s.ServletContextHandler@27f9e982{/jobs/json,null,AVAILABLE,@Spark}
20/10/08 19:10:54 INFO ContextHandler: Started o.s.j.s.ServletContextHandler@4593ff34{/jobs/job,null,AVAILABLE,@Spark}
20/10/08 19:10:54 INFO ContextHandler: Started o.s.j.s.ServletContextHandler@30c0ccff{/jobs/job/json,null,AVAILABLE,@Spark}
20/10/08 19:10:54 INFO ContextHandler: Started o.s.j.s.ServletContextHandler@581d969c{/stages,null,AVAILABLE,@Spark}
20/10/08 19:10:54 INFO ContextHandler: Started o.s.j.s.ServletContextHandler@22db8f4{/stages/json,null,AVAILABLE,@Spark}
20/10/08 19:10:54 INFO ContextHandler: Started o.s.j.s.ServletContextHandler@2b46a8c1{/stages/stage,null,AVAILABLE,@Spark}
20/10/08 19:10:54 INFO ContextHandler: Started o.s.j.s.ServletContextHandler@46cf05f7{/stages/stage/json,null,AVAILABLE,@Spark}
20/10/08 19:10:54 INFO ContextHandler: Started o.s.j.s.ServletContextHandler@5851bd4f{/stages/pool,null,AVAILABLE,@Spark}
20/10/08 19:10:54 INFO ContextHandler: Started o.s.j.s.ServletContextHandler@7cd1ac19{/stages/pool/json,null,AVAILABLE,@Spark}
20/10/08 19:10:54 INFO ContextHandler: Started o.s.j.s.ServletContextHandler@2f40a43{/storage,null,AVAILABLE,@Spark}
20/10/08 19:10:54 INFO ContextHandler: Started o.s.j.s.ServletContextHandler@3caa4757{/storage/json,null,AVAILABLE,@Spark}
20/10/08 19:10:54 INFO ContextHandler: Started o.s.j.s.ServletContextHandler@69c43e48{/storage/rdd,null,AVAILABLE,@Spark}
20/10/08 19:10:54 INFO ContextHandler: Started o.s.j.s.ServletContextHandler@1804f60d{/storage/rdd/json,null,AVAILABLE,@Spark}
20/10/08 19:10:54 INFO ContextHandler: Started o.s.j.s.ServletContextHandler@3a80515c{/environment,null,AVAILABLE,@Spark}
20/10/08 19:10:54 INFO ContextHandler: Started o.s.j.s.ServletContextHandler@547e29a4{/environment/json,null,AVAILABLE,@Spark}
20/10/08 19:10:54 INFO ContextHandler: Started o.s.j.s.ServletContextHandler@1c807b1d{/executors,null,AVAILABLE,@Spark}
20/10/08 19:10:54 INFO ContextHandler: Started o.s.j.s.ServletContextHandler@238b521e{/executors/json,null,AVAILABLE,@Spark}
20/10/08 19:10:54 INFO ContextHandler: Started o.s.j.s.ServletContextHandler@1b39fd82{/executors/threadDump,null,AVAILABLE,@Spark}
20/10/08 19:10:54 INFO ContextHandler: Started o.s.j.s.ServletContextHandler@3e2fc448{/executors/threadDump/json,null,AVAILABLE,@Spark}
20/10/08 19:10:54 INFO ContextHandler: Started o.s.j.s.ServletContextHandler@21680803{/static,null,AVAILABLE,@Spark}
20/10/08 19:10:54 INFO ContextHandler: Started o.s.j.s.ServletContextHandler@1cfd1875{/,null,AVAILABLE,@Spark}
20/10/08 19:10:54 INFO ContextHandler: Started o.s.j.s.ServletContextHandler@28c0b664{/api,null,AVAILABLE,@Spark}
20/10/08 19:10:54 INFO ContextHandler: Started o.s.j.s.ServletContextHandler@436390f4{/jobs/job/kill,null,AVAILABLE,@Spark}
20/10/08 19:10:54 INFO ContextHandler: Started o.s.j.s.ServletContextHandler@4d157787{/stages/stage/kill,null,AVAILABLE,@Spark}
20/10/08 19:10:54 INFO SparkUI: Bound SparkUI to 0.0.0.0, and started at http://nid00744:4040
20/10/08 19:10:54 INFO SparkContext: Added JAR file:/global/cscratch1/sd/gguidi/IPDPS2021/SORA/src/TransitiveEdgeReduction/target/scala-2.11/transitive-edge-reduction-module_2.11-1.0.jar at spark://nid00744:35707/jars/transitive-edge-reduction-module_2.11-1.0.jar with timestamp 1602209454799
20/10/08 19:10:54 INFO Executor: Starting executor ID driver on host localhost
20/10/08 19:10:54 INFO Utils: Successfully started service 'org.apache.spark.network.netty.NettyBlockTransferService' on port 38375.
20/10/08 19:10:54 INFO NettyBlockTransferService: Server created on nid00744:38375
20/10/08 19:10:54 INFO BlockManager: Using org.apache.spark.storage.RandomBlockReplicationPolicy for block replication policy
20/10/08 19:10:54 INFO BlockManagerMaster: Registering BlockManager BlockManagerId(driver, nid00744, 38375, None)
20/10/08 19:10:54 INFO BlockManagerMasterEndpoint: Registering block manager nid00744:38375 with 53.2 GB RAM, BlockManagerId(driver, nid00744, 38375, None)
20/10/08 19:10:54 INFO BlockManagerMaster: Registered BlockManager BlockManagerId(driver, nid00744, 38375, None)
20/10/08 19:10:54 INFO BlockManager: Initialized BlockManager: BlockManagerId(driver, nid00744, 38375, None)
20/10/08 19:10:55 INFO ContextHandler: Started o.s.j.s.ServletContextHandler@16fe9c29{/metrics/json,null,AVAILABLE,@Spark}
20/10/08 19:10:55 INFO EventLoggingListener: Logging events to file:/global/cscratch1/sd/gguidi/spark/event_logs/local-1602209454827
20/10/08 19:10:56 INFO MemoryStore: Block broadcast_0 stored as values in memory (estimated size 299.9 KB, free 53.2 GB)
20/10/08 19:10:56 INFO MemoryStore: Block broadcast_0_piece0 stored as bytes in memory (estimated size 22.9 KB, free 53.2 GB)
20/10/08 19:10:56 INFO BlockManagerInfo: Added broadcast_0_piece0 in memory on nid00744:38375 (size: 22.9 KB, free: 53.2 GB)
20/10/08 19:10:56 INFO SparkContext: Created broadcast 0 from textFile at TransitiveEdgeReductionMain.scala:44
20/10/08 19:10:56 INFO FileInputFormat: Total input paths to process : 1
====================================================
Transitive edge reduction started!
20/10/08 19:10:56 INFO SparkContext: Starting job: reduce at EdgeRDDImpl.scala:90
20/10/08 19:10:56 INFO DAGScheduler: Got job 0 (reduce at EdgeRDDImpl.scala:90) with 2 output partitions
20/10/08 19:10:56 INFO DAGScheduler: Final stage: ResultStage 0 (reduce at EdgeRDDImpl.scala:90)
20/10/08 19:10:56 INFO DAGScheduler: Parents of final stage: List()
20/10/08 19:10:56 INFO DAGScheduler: Missing parents: List()
20/10/08 19:10:56 INFO DAGScheduler: Submitting ResultStage 0 (MapPartitionsRDD[12] at map at EdgeRDDImpl.scala:90), which has no missing parents
20/10/08 19:10:56 INFO MemoryStore: Block broadcast_1 stored as values in memory (estimated size 4.2 KB, free 53.2 GB)
20/10/08 19:10:56 INFO MemoryStore: Block broadcast_1_piece0 stored as bytes in memory (estimated size 2.4 KB, free 53.2 GB)
20/10/08 19:10:56 INFO BlockManagerInfo: Added broadcast_1_piece0 in memory on nid00744:38375 (size: 2.4 KB, free: 53.2 GB)
20/10/08 19:10:56 INFO SparkContext: Created broadcast 1 from broadcast at DAGScheduler.scala:1039
20/10/08 19:10:56 INFO DAGScheduler: Submitting 2 missing tasks from ResultStage 0 (MapPartitionsRDD[12] at map at EdgeRDDImpl.scala:90) (first 15 tasks are for partitions Vector(0, 1))
20/10/08 19:10:56 INFO TaskSchedulerImpl: Adding task set 0.0 with 2 tasks
20/10/08 19:10:56 INFO TaskSetManager: Starting task 0.0 in stage 0.0 (TID 0, localhost, executor driver, partition 0, PROCESS_LOCAL, 7948 bytes)
20/10/08 19:10:56 INFO TaskSetManager: Starting task 1.0 in stage 0.0 (TID 1, localhost, executor driver, partition 1, PROCESS_LOCAL, 7948 bytes)
20/10/08 19:10:56 INFO Executor: Running task 1.0 in stage 0.0 (TID 1)
20/10/08 19:10:56 INFO Executor: Running task 0.0 in stage 0.0 (TID 0)
20/10/08 19:10:56 INFO HadoopRDD: Input split: file:/global/cscratch1/sd/gguidi/IPDPS2021/SORA/diBELLA.ecsample30x.haswell.2.result.mm_edge_list.txt:0+2257504
20/10/08 19:10:56 INFO HadoopRDD: Input split: file:/global/cscratch1/sd/gguidi/IPDPS2021/SORA/diBELLA.ecsample30x.haswell.2.result.mm_edge_list.txt:2257504+2257505
20/10/08 19:10:57 INFO MemoryStore: Block rdd_3_1 stored as values in memory (estimated size 7.7 MB, free 53.1 GB)
20/10/08 19:10:57 INFO MemoryStore: Block rdd_3_0 stored as values in memory (estimated size 7.9 MB, free 53.1 GB)
20/10/08 19:10:57 INFO BlockManagerInfo: Added rdd_3_1 in memory on nid00744:38375 (size: 7.7 MB, free: 53.2 GB)
20/10/08 19:10:57 INFO BlockManagerInfo: Added rdd_3_0 in memory on nid00744:38375 (size: 7.9 MB, free: 53.1 GB)
20/10/08 19:10:57 INFO Executor: Finished task 0.0 in stage 0.0 (TID 0). 756 bytes result sent to driver
20/10/08 19:10:57 INFO Executor: Finished task 1.0 in stage 0.0 (TID 1). 756 bytes result sent to driver
20/10/08 19:10:57 INFO TaskSetManager: Finished task 0.0 in stage 0.0 (TID 0) in 617 ms on localhost (executor driver) (1/2)
20/10/08 19:10:57 INFO TaskSetManager: Finished task 1.0 in stage 0.0 (TID 1) in 610 ms on localhost (executor driver) (2/2)
20/10/08 19:10:57 INFO TaskSchedulerImpl: Removed TaskSet 0.0, whose tasks have all completed, from pool 
20/10/08 19:10:57 INFO DAGScheduler: ResultStage 0 (reduce at EdgeRDDImpl.scala:90) finished in 0.713 s
20/10/08 19:10:57 INFO DAGScheduler: Job 0 finished: reduce at EdgeRDDImpl.scala:90, took 0.763761 s
Number of edges of the graph before transitive edge reduction: 107538

====================================================
Transitive edge reduction done!
20/10/08 19:10:58 INFO SparkContext: Starting job: reduce at EdgeRDDImpl.scala:90
20/10/08 19:10:58 INFO DAGScheduler: Registering RDD 6 (mapPartitions at VertexRDD.scala:356)
20/10/08 19:10:58 INFO DAGScheduler: Registering RDD 13 (mapPartitions at VertexRDDImpl.scala:247)
20/10/08 19:10:58 INFO DAGScheduler: Registering RDD 17 (mapPartitions at GraphImpl.scala:207)
20/10/08 19:10:58 INFO DAGScheduler: Registering RDD 27 (mapPartitions at VertexRDDImpl.scala:247)
20/10/08 19:10:58 INFO DAGScheduler: Got job 1 (reduce at EdgeRDDImpl.scala:90) with 2 output partitions
20/10/08 19:10:58 INFO DAGScheduler: Final stage: ResultStage 5 (reduce at EdgeRDDImpl.scala:90)
20/10/08 19:10:58 INFO DAGScheduler: Parents of final stage: List(ShuffleMapStage 2, ShuffleMapStage 4)
20/10/08 19:10:58 INFO DAGScheduler: Missing parents: List(ShuffleMapStage 2, ShuffleMapStage 4)
20/10/08 19:10:58 INFO DAGScheduler: Submitting ShuffleMapStage 1 (VertexRDD.createRoutingTables - vid2pid (aggregation) MapPartitionsRDD[6] at mapPartitions at VertexRDD.scala:356), which has no missing parents
20/10/08 19:10:58 INFO MemoryStore: Block broadcast_2 stored as values in memory (estimated size 5.2 KB, free 53.1 GB)
20/10/08 19:10:58 INFO MemoryStore: Block broadcast_2_piece0 stored as bytes in memory (estimated size 3.0 KB, free 53.1 GB)
20/10/08 19:10:58 INFO BlockManagerInfo: Added broadcast_2_piece0 in memory on nid00744:38375 (size: 3.0 KB, free: 53.1 GB)
20/10/08 19:10:58 INFO SparkContext: Created broadcast 2 from broadcast at DAGScheduler.scala:1039
20/10/08 19:10:58 INFO ContextCleaner: Cleaned accumulator 12
20/10/08 19:10:58 INFO ContextCleaner: Cleaned accumulator 11
20/10/08 19:10:58 INFO ContextCleaner: Cleaned accumulator 9
20/10/08 19:10:58 INFO DAGScheduler: Submitting 2 missing tasks from ShuffleMapStage 1 (VertexRDD.createRoutingTables - vid2pid (aggregation) MapPartitionsRDD[6] at mapPartitions at VertexRDD.scala:356) (first 15 tasks are for partitions Vector(0, 1))
20/10/08 19:10:58 INFO ContextCleaner: Cleaned accumulator 3
20/10/08 19:10:58 INFO TaskSchedulerImpl: Adding task set 1.0 with 2 tasks
20/10/08 19:10:58 INFO TaskSetManager: Starting task 0.0 in stage 1.0 (TID 2, localhost, executor driver, partition 0, PROCESS_LOCAL, 7937 bytes)
20/10/08 19:10:58 INFO TaskSetManager: Starting task 1.0 in stage 1.0 (TID 3, localhost, executor driver, partition 1, PROCESS_LOCAL, 7937 bytes)
20/10/08 19:10:58 INFO Executor: Running task 0.0 in stage 1.0 (TID 2)
20/10/08 19:10:58 INFO Executor: Running task 1.0 in stage 1.0 (TID 3)
20/10/08 19:10:58 INFO BlockManager: Found block rdd_3_1 locally
20/10/08 19:10:58 INFO BlockManager: Found block rdd_3_0 locally
20/10/08 19:10:58 INFO BlockManagerInfo: Removed broadcast_1_piece0 on nid00744:38375 in memory (size: 2.4 KB, free: 53.1 GB)
20/10/08 19:10:58 INFO ContextCleaner: Cleaned accumulator 14
20/10/08 19:10:58 INFO ContextCleaner: Cleaned accumulator 16
20/10/08 19:10:58 INFO ContextCleaner: Cleaned accumulator 6
20/10/08 19:10:58 INFO ContextCleaner: Cleaned accumulator 1
20/10/08 19:10:58 INFO ContextCleaner: Cleaned accumulator 13
20/10/08 19:10:58 INFO ContextCleaner: Cleaned accumulator 0
20/10/08 19:10:58 INFO ContextCleaner: Cleaned accumulator 10
20/10/08 19:10:58 INFO ContextCleaner: Cleaned accumulator 4
20/10/08 19:10:58 INFO ContextCleaner: Cleaned accumulator 20
20/10/08 19:10:58 INFO ContextCleaner: Cleaned accumulator 8
20/10/08 19:10:58 INFO ContextCleaner: Cleaned accumulator 19
20/10/08 19:10:58 INFO ContextCleaner: Cleaned accumulator 17
20/10/08 19:10:58 INFO ContextCleaner: Cleaned accumulator 21
20/10/08 19:10:58 INFO ContextCleaner: Cleaned accumulator 15
20/10/08 19:10:58 INFO ContextCleaner: Cleaned accumulator 5
20/10/08 19:10:58 INFO ContextCleaner: Cleaned accumulator 2
20/10/08 19:10:58 INFO ContextCleaner: Cleaned accumulator 7
20/10/08 19:10:58 INFO ContextCleaner: Cleaned accumulator 24
20/10/08 19:10:58 INFO ContextCleaner: Cleaned accumulator 22
20/10/08 19:10:58 INFO ContextCleaner: Cleaned accumulator 18
20/10/08 19:10:58 INFO ContextCleaner: Cleaned accumulator 23
20/10/08 19:10:58 INFO Executor: Finished task 1.0 in stage 1.0 (TID 3). 909 bytes result sent to driver
20/10/08 19:10:58 INFO Executor: Finished task 0.0 in stage 1.0 (TID 2). 909 bytes result sent to driver
20/10/08 19:10:58 INFO TaskSetManager: Finished task 1.0 in stage 1.0 (TID 3) in 132 ms on localhost (executor driver) (1/2)
20/10/08 19:10:58 INFO TaskSetManager: Finished task 0.0 in stage 1.0 (TID 2) in 135 ms on localhost (executor driver) (2/2)
20/10/08 19:10:58 INFO TaskSchedulerImpl: Removed TaskSet 1.0, whose tasks have all completed, from pool 
20/10/08 19:10:58 INFO DAGScheduler: ShuffleMapStage 1 (mapPartitions at VertexRDD.scala:356) finished in 0.167 s
20/10/08 19:10:58 INFO DAGScheduler: looking for newly runnable stages
20/10/08 19:10:58 INFO DAGScheduler: running: Set()
20/10/08 19:10:58 INFO DAGScheduler: waiting: Set(ResultStage 5, ShuffleMapStage 2, ShuffleMapStage 3, ShuffleMapStage 4)
20/10/08 19:10:58 INFO DAGScheduler: failed: Set()
20/10/08 19:10:58 INFO DAGScheduler: Submitting ShuffleMapStage 2 (ReplicatedVertexView.upgrade(true, true) - shippedVerts true true (broadcast) MapPartitionsRDD[13] at mapPartitions at VertexRDDImpl.scala:247), which has no missing parents
20/10/08 19:10:58 INFO MemoryStore: Block broadcast_3 stored as values in memory (estimated size 4.3 KB, free 53.1 GB)
20/10/08 19:10:58 INFO MemoryStore: Block broadcast_3_piece0 stored as bytes in memory (estimated size 2.5 KB, free 53.1 GB)
20/10/08 19:10:58 INFO BlockManagerInfo: Added broadcast_3_piece0 in memory on nid00744:38375 (size: 2.5 KB, free: 53.1 GB)
20/10/08 19:10:58 INFO SparkContext: Created broadcast 3 from broadcast at DAGScheduler.scala:1039
20/10/08 19:10:58 INFO DAGScheduler: Submitting 2 missing tasks from ShuffleMapStage 2 (ReplicatedVertexView.upgrade(true, true) - shippedVerts true true (broadcast) MapPartitionsRDD[13] at mapPartitions at VertexRDDImpl.scala:247) (first 15 tasks are for partitions Vector(0, 1))
20/10/08 19:10:58 INFO TaskSchedulerImpl: Adding task set 2.0 with 2 tasks
20/10/08 19:10:58 INFO TaskSetManager: Starting task 0.0 in stage 2.0 (TID 4, localhost, executor driver, partition 0, ANY, 7638 bytes)
20/10/08 19:10:58 INFO TaskSetManager: Starting task 1.0 in stage 2.0 (TID 5, localhost, executor driver, partition 1, ANY, 7638 bytes)
20/10/08 19:10:58 INFO Executor: Running task 1.0 in stage 2.0 (TID 5)
20/10/08 19:10:58 INFO Executor: Running task 0.0 in stage 2.0 (TID 4)
20/10/08 19:10:58 INFO ShuffleBlockFetcherIterator: Getting 2 non-empty blocks out of 2 blocks
20/10/08 19:10:58 INFO ShuffleBlockFetcherIterator: Getting 2 non-empty blocks out of 2 blocks
20/10/08 19:10:58 INFO ShuffleBlockFetcherIterator: Started 0 remote fetches in 4 ms
20/10/08 19:10:58 INFO ShuffleBlockFetcherIterator: Started 0 remote fetches in 4 ms
20/10/08 19:10:58 INFO MemoryStore: Block rdd_9_0 stored as values in memory (estimated size 309.6 KB, free 53.1 GB)
20/10/08 19:10:58 INFO BlockManagerInfo: Added rdd_9_0 in memory on nid00744:38375 (size: 309.6 KB, free: 53.1 GB)
20/10/08 19:10:58 INFO MemoryStore: Block rdd_9_1 stored as values in memory (estimated size 310.2 KB, free 53.1 GB)
20/10/08 19:10:58 INFO BlockManagerInfo: Added rdd_9_1 in memory on nid00744:38375 (size: 310.2 KB, free: 53.1 GB)
20/10/08 19:10:58 INFO Executor: Finished task 0.0 in stage 2.0 (TID 4). 1124 bytes result sent to driver
20/10/08 19:10:58 INFO TaskSetManager: Finished task 0.0 in stage 2.0 (TID 4) in 120 ms on localhost (executor driver) (1/2)
20/10/08 19:10:58 INFO Executor: Finished task 1.0 in stage 2.0 (TID 5). 1124 bytes result sent to driver
20/10/08 19:10:58 INFO TaskSetManager: Finished task 1.0 in stage 2.0 (TID 5) in 132 ms on localhost (executor driver) (2/2)
20/10/08 19:10:58 INFO TaskSchedulerImpl: Removed TaskSet 2.0, whose tasks have all completed, from pool 
20/10/08 19:10:58 INFO DAGScheduler: ShuffleMapStage 2 (mapPartitions at VertexRDDImpl.scala:247) finished in 0.145 s
20/10/08 19:10:58 INFO DAGScheduler: looking for newly runnable stages
20/10/08 19:10:58 INFO DAGScheduler: running: Set()
20/10/08 19:10:58 INFO DAGScheduler: waiting: Set(ResultStage 5, ShuffleMapStage 3, ShuffleMapStage 4)
20/10/08 19:10:58 INFO DAGScheduler: failed: Set()
20/10/08 19:10:58 INFO DAGScheduler: Submitting ShuffleMapStage 3 (GraphImpl.aggregateMessages - preAgg MapPartitionsRDD[17] at mapPartitions at GraphImpl.scala:207), which has no missing parents
20/10/08 19:10:58 INFO MemoryStore: Block broadcast_4 stored as values in memory (estimated size 6.6 KB, free 53.1 GB)
20/10/08 19:10:58 INFO MemoryStore: Block broadcast_4_piece0 stored as bytes in memory (estimated size 3.7 KB, free 53.1 GB)
20/10/08 19:10:58 INFO BlockManagerInfo: Added broadcast_4_piece0 in memory on nid00744:38375 (size: 3.7 KB, free: 53.1 GB)
20/10/08 19:10:58 INFO SparkContext: Created broadcast 4 from broadcast at DAGScheduler.scala:1039
20/10/08 19:10:58 INFO DAGScheduler: Submitting 2 missing tasks from ShuffleMapStage 3 (GraphImpl.aggregateMessages - preAgg MapPartitionsRDD[17] at mapPartitions at GraphImpl.scala:207) (first 15 tasks are for partitions Vector(0, 1))
20/10/08 19:10:58 INFO TaskSchedulerImpl: Adding task set 3.0 with 2 tasks
20/10/08 19:10:58 INFO TaskSetManager: Starting task 0.0 in stage 3.0 (TID 6, localhost, executor driver, partition 0, PROCESS_LOCAL, 8323 bytes)
20/10/08 19:10:58 INFO TaskSetManager: Starting task 1.0 in stage 3.0 (TID 7, localhost, executor driver, partition 1, PROCESS_LOCAL, 8323 bytes)
20/10/08 19:10:58 INFO Executor: Running task 0.0 in stage 3.0 (TID 6)
20/10/08 19:10:58 INFO Executor: Running task 1.0 in stage 3.0 (TID 7)
20/10/08 19:10:58 INFO BlockManager: Found block rdd_3_1 locally
20/10/08 19:10:58 INFO ShuffleBlockFetcherIterator: Getting 2 non-empty blocks out of 2 blocks
20/10/08 19:10:58 INFO ShuffleBlockFetcherIterator: Started 0 remote fetches in 0 ms
20/10/08 19:10:58 INFO BlockManager: Found block rdd_3_0 locally
20/10/08 19:10:58 INFO ShuffleBlockFetcherIterator: Getting 2 non-empty blocks out of 2 blocks
20/10/08 19:10:58 INFO ShuffleBlockFetcherIterator: Started 0 remote fetches in 1 ms
20/10/08 19:10:58 INFO Executor: Finished task 1.0 in stage 3.0 (TID 7). 1210 bytes result sent to driver
20/10/08 19:10:58 INFO TaskSetManager: Finished task 1.0 in stage 3.0 (TID 7) in 342 ms on localhost (executor driver) (1/2)
20/10/08 19:10:58 INFO Executor: Finished task 0.0 in stage 3.0 (TID 6). 1210 bytes result sent to driver
20/10/08 19:10:58 INFO TaskSetManager: Finished task 0.0 in stage 3.0 (TID 6) in 346 ms on localhost (executor driver) (2/2)
20/10/08 19:10:58 INFO TaskSchedulerImpl: Removed TaskSet 3.0, whose tasks have all completed, from pool 
20/10/08 19:10:58 INFO DAGScheduler: ShuffleMapStage 3 (mapPartitions at GraphImpl.scala:207) finished in 0.353 s
20/10/08 19:10:58 INFO DAGScheduler: looking for newly runnable stages
20/10/08 19:10:58 INFO DAGScheduler: running: Set()
20/10/08 19:10:58 INFO DAGScheduler: waiting: Set(ResultStage 5, ShuffleMapStage 4)
20/10/08 19:10:58 INFO DAGScheduler: failed: Set()
20/10/08 19:10:58 INFO DAGScheduler: Submitting ShuffleMapStage 4 (ReplicatedVertexView.upgrade(true, true) - shippedVerts true true (broadcast) MapPartitionsRDD[27] at mapPartitions at VertexRDDImpl.scala:247), which has no missing parents
20/10/08 19:10:58 INFO MemoryStore: Block broadcast_5 stored as values in memory (estimated size 5.7 KB, free 53.1 GB)
20/10/08 19:10:58 INFO MemoryStore: Block broadcast_5_piece0 stored as bytes in memory (estimated size 3.1 KB, free 53.1 GB)
20/10/08 19:10:58 INFO BlockManagerInfo: Added broadcast_5_piece0 in memory on nid00744:38375 (size: 3.1 KB, free: 53.1 GB)
20/10/08 19:10:58 INFO SparkContext: Created broadcast 5 from broadcast at DAGScheduler.scala:1039
20/10/08 19:10:58 INFO DAGScheduler: Submitting 2 missing tasks from ShuffleMapStage 4 (ReplicatedVertexView.upgrade(true, true) - shippedVerts true true (broadcast) MapPartitionsRDD[27] at mapPartitions at VertexRDDImpl.scala:247) (first 15 tasks are for partitions Vector(0, 1))
20/10/08 19:10:58 INFO TaskSchedulerImpl: Adding task set 4.0 with 2 tasks
20/10/08 19:10:58 INFO TaskSetManager: Starting task 0.0 in stage 4.0 (TID 8, localhost, executor driver, partition 0, PROCESS_LOCAL, 8022 bytes)
20/10/08 19:10:58 INFO TaskSetManager: Starting task 1.0 in stage 4.0 (TID 9, localhost, executor driver, partition 1, PROCESS_LOCAL, 8022 bytes)
20/10/08 19:10:58 INFO Executor: Running task 0.0 in stage 4.0 (TID 8)
20/10/08 19:10:58 INFO Executor: Running task 1.0 in stage 4.0 (TID 9)
20/10/08 19:10:58 INFO BlockManager: Found block rdd_9_1 locally
20/10/08 19:10:58 INFO BlockManager: Found block rdd_9_1 locally
20/10/08 19:10:58 INFO BlockManager: Found block rdd_9_0 locally
20/10/08 19:10:58 INFO BlockManager: Found block rdd_9_1 locally
20/10/08 19:10:58 INFO BlockManager: Found block rdd_9_0 locally
20/10/08 19:10:58 INFO BlockManager: Found block rdd_9_0 locally
20/10/08 19:10:58 INFO ShuffleBlockFetcherIterator: Getting 2 non-empty blocks out of 2 blocks
20/10/08 19:10:58 INFO ShuffleBlockFetcherIterator: Getting 2 non-empty blocks out of 2 blocks
20/10/08 19:10:58 INFO ShuffleBlockFetcherIterator: Started 0 remote fetches in 0 ms
20/10/08 19:10:58 INFO ShuffleBlockFetcherIterator: Started 0 remote fetches in 0 ms
20/10/08 19:10:59 INFO MemoryStore: Block rdd_23_1 stored as values in memory (estimated size 7.4 MB, free 53.1 GB)
20/10/08 19:10:59 INFO BlockManagerInfo: Added rdd_23_1 in memory on nid00744:38375 (size: 7.4 MB, free: 53.1 GB)
20/10/08 19:10:59 INFO MemoryStore: Block rdd_23_0 stored as values in memory (estimated size 9.9 MB, free 53.1 GB)
20/10/08 19:10:59 INFO BlockManagerInfo: Added rdd_23_0 in memory on nid00744:38375 (size: 9.9 MB, free: 53.1 GB)
20/10/08 19:10:59 INFO Executor: 1 block locks were not released by TID = 9:
[rdd_9_1]
20/10/08 19:10:59 INFO Executor: 1 block locks were not released by TID = 8:
[rdd_9_0]
20/10/08 19:10:59 INFO Executor: Finished task 0.0 in stage 4.0 (TID 8). 1210 bytes result sent to driver
20/10/08 19:10:59 INFO Executor: Finished task 1.0 in stage 4.0 (TID 9). 1210 bytes result sent to driver
20/10/08 19:10:59 INFO TaskSetManager: Finished task 0.0 in stage 4.0 (TID 8) in 540 ms on localhost (executor driver) (1/2)
20/10/08 19:10:59 INFO TaskSetManager: Finished task 1.0 in stage 4.0 (TID 9) in 539 ms on localhost (executor driver) (2/2)
20/10/08 19:10:59 INFO TaskSchedulerImpl: Removed TaskSet 4.0, whose tasks have all completed, from pool 
20/10/08 19:10:59 INFO DAGScheduler: ShuffleMapStage 4 (mapPartitions at VertexRDDImpl.scala:247) finished in 0.549 s
20/10/08 19:10:59 INFO DAGScheduler: looking for newly runnable stages
20/10/08 19:10:59 INFO DAGScheduler: running: Set()
20/10/08 19:10:59 INFO DAGScheduler: waiting: Set(ResultStage 5)
20/10/08 19:10:59 INFO DAGScheduler: failed: Set()
20/10/08 19:10:59 INFO DAGScheduler: Submitting ResultStage 5 (MapPartitionsRDD[37] at map at EdgeRDDImpl.scala:90), which has no missing parents
20/10/08 19:10:59 INFO MemoryStore: Block broadcast_6 stored as values in memory (estimated size 7.8 KB, free 53.1 GB)
20/10/08 19:10:59 INFO MemoryStore: Block broadcast_6_piece0 stored as bytes in memory (estimated size 4.1 KB, free 53.1 GB)
20/10/08 19:10:59 INFO BlockManagerInfo: Added broadcast_6_piece0 in memory on nid00744:38375 (size: 4.1 KB, free: 53.1 GB)
20/10/08 19:10:59 INFO SparkContext: Created broadcast 6 from broadcast at DAGScheduler.scala:1039
20/10/08 19:10:59 INFO DAGScheduler: Submitting 2 missing tasks from ResultStage 5 (MapPartitionsRDD[37] at map at EdgeRDDImpl.scala:90) (first 15 tasks are for partitions Vector(0, 1))
20/10/08 19:10:59 INFO TaskSchedulerImpl: Adding task set 5.0 with 2 tasks
20/10/08 19:10:59 INFO TaskSetManager: Starting task 0.0 in stage 5.0 (TID 10, localhost, executor driver, partition 0, PROCESS_LOCAL, 8375 bytes)
20/10/08 19:10:59 INFO TaskSetManager: Starting task 1.0 in stage 5.0 (TID 11, localhost, executor driver, partition 1, PROCESS_LOCAL, 8375 bytes)
20/10/08 19:10:59 INFO Executor: Running task 1.0 in stage 5.0 (TID 11)
20/10/08 19:10:59 INFO Executor: Running task 0.0 in stage 5.0 (TID 10)
20/10/08 19:10:59 INFO BlockManager: Found block rdd_3_1 locally
20/10/08 19:10:59 INFO ShuffleBlockFetcherIterator: Getting 2 non-empty blocks out of 2 blocks
20/10/08 19:10:59 INFO BlockManager: Found block rdd_3_0 locally
20/10/08 19:10:59 INFO ShuffleBlockFetcherIterator: Started 0 remote fetches in 1 ms
20/10/08 19:10:59 INFO ShuffleBlockFetcherIterator: Getting 2 non-empty blocks out of 2 blocks
20/10/08 19:10:59 INFO ShuffleBlockFetcherIterator: Started 0 remote fetches in 0 ms
20/10/08 19:10:59 INFO MemoryStore: Block rdd_25_0 stored as values in memory (estimated size 8.0 MB, free 53.1 GB)
20/10/08 19:10:59 INFO MemoryStore: Block rdd_25_1 stored as values in memory (estimated size 7.8 MB, free 53.1 GB)
20/10/08 19:10:59 INFO BlockManagerInfo: Added rdd_25_0 in memory on nid00744:38375 (size: 8.0 MB, free: 53.1 GB)
20/10/08 19:10:59 INFO ShuffleBlockFetcherIterator: Getting 2 non-empty blocks out of 2 blocks
20/10/08 19:10:59 INFO BlockManagerInfo: Added rdd_25_1 in memory on nid00744:38375 (size: 7.8 MB, free: 53.1 GB)
20/10/08 19:10:59 INFO ShuffleBlockFetcherIterator: Started 0 remote fetches in 0 ms
20/10/08 19:10:59 INFO ShuffleBlockFetcherIterator: Getting 2 non-empty blocks out of 2 blocks
20/10/08 19:10:59 INFO ShuffleBlockFetcherIterator: Started 0 remote fetches in 0 ms
20/10/08 19:10:59 INFO BlockManagerInfo: Removed broadcast_3_piece0 on nid00744:38375 in memory (size: 2.5 KB, free: 53.1 GB)
20/10/08 19:10:59 INFO BlockManagerInfo: Removed broadcast_4_piece0 on nid00744:38375 in memory (size: 3.7 KB, free: 53.1 GB)
20/10/08 19:10:59 INFO BlockManagerInfo: Removed broadcast_5_piece0 on nid00744:38375 in memory (size: 3.1 KB, free: 53.1 GB)
20/10/08 19:10:59 INFO BlockManagerInfo: Removed broadcast_2_piece0 on nid00744:38375 in memory (size: 3.0 KB, free: 53.1 GB)
20/10/08 19:10:59 INFO MemoryStore: Block rdd_31_1 stored as values in memory (estimated size 27.9 MB, free 53.1 GB)
20/10/08 19:10:59 INFO BlockManagerInfo: Added rdd_31_1 in memory on nid00744:38375 (size: 27.9 MB, free: 53.1 GB)
20/10/08 19:10:59 INFO MemoryStore: Block rdd_31_0 stored as values in memory (estimated size 28.2 MB, free 53.1 GB)
20/10/08 19:10:59 INFO BlockManagerInfo: Added rdd_31_0 in memory on nid00744:38375 (size: 28.2 MB, free: 53.1 GB)
20/10/08 19:11:00 INFO Executor: 3 block locks were not released by TID = 11:
[rdd_3_1, rdd_25_1, rdd_31_1]
20/10/08 19:11:00 INFO Executor: 3 block locks were not released by TID = 10:
[rdd_3_0, rdd_31_0, rdd_25_0]
20/10/08 19:11:00 INFO Executor: Finished task 1.0 in stage 5.0 (TID 11). 1100 bytes result sent to driver
20/10/08 19:11:00 INFO Executor: Finished task 0.0 in stage 5.0 (TID 10). 1100 bytes result sent to driver
20/10/08 19:11:00 INFO TaskSetManager: Finished task 1.0 in stage 5.0 (TID 11) in 699 ms on localhost (executor driver) (1/2)
20/10/08 19:11:00 INFO TaskSetManager: Finished task 0.0 in stage 5.0 (TID 10) in 700 ms on localhost (executor driver) (2/2)
20/10/08 19:11:00 INFO TaskSchedulerImpl: Removed TaskSet 5.0, whose tasks have all completed, from pool 
20/10/08 19:11:00 INFO DAGScheduler: ResultStage 5 (reduce at EdgeRDDImpl.scala:90) finished in 0.706 s
20/10/08 19:11:00 INFO DAGScheduler: Job 1 finished: reduce at EdgeRDDImpl.scala:90, took 1.947341 s
Number of edges of the graph after transitive edge reduction: 51610

20/10/08 19:11:00 INFO deprecation: mapred.output.dir is deprecated. Instead, use mapreduce.output.fileoutputformat.outputdir
20/10/08 19:11:00 INFO FileOutputCommitter: File Output Committer Algorithm version is 1
20/10/08 19:11:00 INFO SparkContext: Starting job: runJob at SparkHadoopWriter.scala:78
20/10/08 19:11:00 INFO DAGScheduler: Got job 2 (runJob at SparkHadoopWriter.scala:78) with 2 output partitions
20/10/08 19:11:00 INFO DAGScheduler: Final stage: ResultStage 10 (runJob at SparkHadoopWriter.scala:78)
20/10/08 19:11:00 INFO DAGScheduler: Parents of final stage: List(ShuffleMapStage 9, ShuffleMapStage 7)
20/10/08 19:11:00 INFO DAGScheduler: Missing parents: List()
20/10/08 19:11:00 INFO DAGScheduler: Submitting ResultStage 10 (MapPartitionsRDD[39] at saveAsTextFile at TransitiveEdgeReductionMain.scala:246), which has no missing parents
20/10/08 19:11:00 INFO MemoryStore: Block broadcast_7 stored as values in memory (estimated size 76.9 KB, free 53.1 GB)
20/10/08 19:11:00 INFO MemoryStore: Block broadcast_7_piece0 stored as bytes in memory (estimated size 28.5 KB, free 53.1 GB)
20/10/08 19:11:00 INFO BlockManagerInfo: Added broadcast_7_piece0 in memory on nid00744:38375 (size: 28.5 KB, free: 53.1 GB)
20/10/08 19:11:00 INFO SparkContext: Created broadcast 7 from broadcast at DAGScheduler.scala:1039
20/10/08 19:11:00 INFO DAGScheduler: Submitting 2 missing tasks from ResultStage 10 (MapPartitionsRDD[39] at saveAsTextFile at TransitiveEdgeReductionMain.scala:246) (first 15 tasks are for partitions Vector(0, 1))
20/10/08 19:11:00 INFO TaskSchedulerImpl: Adding task set 10.0 with 2 tasks
20/10/08 19:11:00 INFO TaskSetManager: Starting task 0.0 in stage 10.0 (TID 12, localhost, executor driver, partition 0, PROCESS_LOCAL, 8375 bytes)
20/10/08 19:11:00 INFO TaskSetManager: Starting task 1.0 in stage 10.0 (TID 13, localhost, executor driver, partition 1, PROCESS_LOCAL, 8375 bytes)
20/10/08 19:11:00 INFO Executor: Running task 1.0 in stage 10.0 (TID 13)
20/10/08 19:11:00 INFO Executor: Running task 0.0 in stage 10.0 (TID 12)
20/10/08 19:11:00 INFO BlockManager: Found block rdd_31_1 locally
20/10/08 19:11:00 INFO BlockManager: Found block rdd_31_0 locally
20/10/08 19:11:00 INFO FileOutputCommitter: File Output Committer Algorithm version is 1
20/10/08 19:11:00 INFO FileOutputCommitter: File Output Committer Algorithm version is 1
20/10/08 19:11:01 INFO FileOutputCommitter: Saved output of task 'attempt_20201008191100_0039_m_000001_0' to file:/global/cscratch1/sd/gguidi/IPDPS2021/SORA/TERResultParts/_temporary/0/task_20201008191100_0039_m_000001
20/10/08 19:11:01 INFO SparkHadoopMapRedUtil: attempt_20201008191100_0039_m_000001_0: Committed
20/10/08 19:11:01 INFO Executor: 1 block locks were not released by TID = 13:
[rdd_31_1]
20/10/08 19:11:01 INFO Executor: Finished task 1.0 in stage 10.0 (TID 13). 955 bytes result sent to driver
20/10/08 19:11:01 INFO TaskSetManager: Finished task 1.0 in stage 10.0 (TID 13) in 1029 ms on localhost (executor driver) (1/2)
20/10/08 19:11:01 INFO FileOutputCommitter: Saved output of task 'attempt_20201008191100_0039_m_000000_0' to file:/global/cscratch1/sd/gguidi/IPDPS2021/SORA/TERResultParts/_temporary/0/task_20201008191100_0039_m_000000
20/10/08 19:11:01 INFO SparkHadoopMapRedUtil: attempt_20201008191100_0039_m_000000_0: Committed
20/10/08 19:11:01 INFO Executor: 1 block locks were not released by TID = 12:
[rdd_31_0]
20/10/08 19:11:01 INFO Executor: Finished task 0.0 in stage 10.0 (TID 12). 955 bytes result sent to driver
20/10/08 19:11:01 INFO TaskSetManager: Finished task 0.0 in stage 10.0 (TID 12) in 1044 ms on localhost (executor driver) (2/2)
20/10/08 19:11:01 INFO TaskSchedulerImpl: Removed TaskSet 10.0, whose tasks have all completed, from pool 
20/10/08 19:11:01 INFO DAGScheduler: ResultStage 10 (runJob at SparkHadoopWriter.scala:78) finished in 1.061 s
20/10/08 19:11:01 INFO DAGScheduler: Job 2 finished: runJob at SparkHadoopWriter.scala:78, took 1.064872 s
20/10/08 19:11:02 INFO SparkHadoopWriter: Job job_20201008191100_0039 committed.
File saved!
20/10/08 19:11:02 INFO SparkContext: Invoking stop() from shutdown hook
20/10/08 19:11:02 INFO AbstractConnector: Stopped Spark@1734f68{HTTP/1.1,[http/1.1]}{0.0.0.0:4040}
20/10/08 19:11:02 INFO SparkUI: Stopped Spark web UI at http://nid00744:4040
20/10/08 19:11:02 INFO MapOutputTrackerMasterEndpoint: MapOutputTrackerMasterEndpoint stopped!
20/10/08 19:11:02 INFO MemoryStore: MemoryStore cleared
20/10/08 19:11:02 INFO BlockManager: BlockManager stopped
20/10/08 19:11:02 INFO BlockManagerMaster: BlockManagerMaster stopped
20/10/08 19:11:02 INFO OutputCommitCoordinator$OutputCommitCoordinatorEndpoint: OutputCommitCoordinator stopped!
20/10/08 19:11:02 INFO SparkContext: Successfully stopped SparkContext
20/10/08 19:11:02 INFO ShutdownHookManager: Shutdown hook called
20/10/08 19:11:02 INFO ShutdownHookManager: Deleting directory /tmp/spark-3da90223-30de-4829-97b6-c749ea0f4a53
20/10/08 19:11:02 INFO ShutdownHookManager: Deleting directory /tmp/spark-de88b2aa-3f55-43b2-8f17-42d2038173df
