NERSCLOG(verbose): key=mods-test
NERSCLOG(verbose): adding stdout streamhandler
NERSCLOG(verbose): missing <prio> prefix in stream output will be present in message for syslog
1 2020-10-08T19:11:38.677404-07:00 nid00695 mods-test - p0-20201008t035433 [nerscjson@42] {"category": "mods-test", "service": "spark", "duration_seconds": 0, "event_timestamp": "2020-10-08T19:11:38.561318-07:00", "is_compute": true, "is_staff": false, "job_id": "34886180", "num_nodes": "8", "repo": "m2865", "subservice": null, "subsystem": "Haswell", "system": "Cori", "username": "gguidi", "version": "2.3.0"}
data sent to mods
SPARK_WORKER_DIR=/global/cscratch1/sd/gguidi/spark/34886180
SPARK_VERSION=2.3.0
SPARK_SLAVES=/global/cscratch1/sd/gguidi/spark/34886180/slaves
SPARK_LOCAL_DIRS=/tmp
SPARK_HOME=/usr/local/bin/spark-2.3.0
SPARKURL=spark://nid00695:7077
SPARK_NO_DAEMONIZE=no
SPARK_MASTER_HOST=nid00695
SPARK_CONF_DIR=/global/cscratch1/sd/gguidi/spark/34886180/conf
SPARK_HELPER=/usr/local/bin/spark-2.3.0/helpers/
calling srun -N 7 -n 7 -x nid00695 env -u SHIFTER_VOLUME shifter /usr/local/bin/spark-2.3.0/sbin/start-slave.sh spark://nid00695:7077
**Starting Time is Thu Oct 8 19:11:38 PDT 2020
calling /usr/local/bin/spark-2.3.0/sbin/spark-config.sh
calling shifter /usr/local/bin/spark-2.3.0/sbin/start-master.sh
starting org.apache.spark.deploy.master.Master, logging to /global/cscratch1/sd/gguidi/spark/34886180/spark-gguidi-org.apache.spark.deploy.master.Master-1-nid00695.out
starting org.apache.spark.deploy.worker.Worker, logging to /global/cscratch1/sd/gguidi/spark/34886180/spark-gguidi-org.apache.spark.deploy.worker.Worker-1-nid00699.out
starting org.apache.spark.deploy.worker.Worker, logging to /global/cscratch1/sd/gguidi/spark/34886180/spark-gguidi-org.apache.spark.deploy.worker.Worker-1-nid00702.out
starting org.apache.spark.deploy.worker.Worker, logging to /global/cscratch1/sd/gguidi/spark/34886180/spark-gguidi-org.apache.spark.deploy.worker.Worker-1-nid00701.out
starting org.apache.spark.deploy.worker.Worker, logging to /global/cscratch1/sd/gguidi/spark/34886180/spark-gguidi-org.apache.spark.deploy.worker.Worker-1-nid00700.out
**Finished TER Thu Oct 8 19:12:11 PDT 2020
