[M::main] ===> Step 1: reading read mappings <===
[M::ma_hit_read::2211.752*1.00] read 477884071 hits; stored 571520725 hits and 3238797 sequences (29896350017 bp)
[M::main] ===> Step 2: 1-pass (crude) read selection <===
[M::ma_hit_sub::2423.574*1.00] 2965763 query sequences remain after sub
[M::ma_hit_cut::2480.124*1.00] 561556033 hits remain after cut
[M::ma_hit_flt::2528.856*1.00] 291710039 hits remain after filtering; crude coverage after filtering: 74.07
[M::main] ===> Step 3: 2-pass (fine) read selection <===
[M::ma_hit_sub::2573.458*1.00] 2834530 query sequences remain after sub
[M::ma_hit_cut::2602.653*1.00] 284509503 hits remain after cut
[M::ma_hit_contained::2643.692*1.00] 502367 sequences and 2245570 hits remain after containment removal
[M::main] ===> Step 4: graph cleaning <===
[M::ma_sg_gen] read 1703250 arcs
[M::main] ===> Step 4.1: transitive reduction <===
[M::asg_arc_del_trans] transitively reduced 716785 arcs
[M::asg_arc_del_multi] removed 19204 multi-arcs
[M::asg_arc_del_asymm] removed 20681 asymmetric arcs
[M::main] ===> Step 4.1: transitive reduction time elapsed: 0.712606
[M::main] ===> Step 4.2: initial tip cutting and bubble popping <===
[M::asg_cut_tip] cut 156086 tips
[M::asg_pop_bubble] popped 2696 bubbles and trimmed 562 tips
[M::main] ===> Step 4.3: cutting short overlaps (3 rounds in total) <===
[M::asg_arc_del_multi] removed 0 multi-arcs
[M::asg_arc_del_asymm] removed 11973 asymmetric arcs
[M::asg_arc_del_short] removed 23799 short overlaps
[M::asg_cut_tip] cut 8280 tips
[M::asg_pop_bubble] popped 275 bubbles and trimmed 76 tips
[M::asg_arc_del_multi] removed 0 multi-arcs
[M::asg_arc_del_asymm] removed 1546 asymmetric arcs
[M::asg_arc_del_short] removed 1868 short overlaps
[M::asg_cut_tip] cut 653 tips
[M::asg_pop_bubble] popped 87 bubbles and trimmed 36 tips
[M::asg_arc_del_multi] removed 0 multi-arcs
[M::asg_arc_del_asymm] removed 1181 asymmetric arcs
[M::asg_arc_del_short] removed 1393 short overlaps
[M::asg_cut_tip] cut 396 tips
[M::asg_pop_bubble] popped 72 bubbles and trimmed 25 tips
[M::main] ===> Step 4.4: removing short internal sequences and bi-loops <===
[M::asg_cut_internal] cut 301 internal sequences
[M::asg_cut_biloop] cut 487 small bi-loops
[M::asg_cut_tip] cut 51 tips
[M::asg_pop_bubble] popped 14 bubbles and trimmed 5 tips
[M::main] ===> Step 4.5: aggressively cutting short overlaps <===
[M::asg_arc_del_multi] removed 0 multi-arcs
[M::asg_arc_del_asymm] removed 651 asymmetric arcs
[M::asg_arc_del_short] removed 741 short overlaps
[M::asg_cut_tip] cut 144 tips
[M::asg_pop_bubble] popped 52 bubbles and trimmed 40 tips
[M::main] ===> Step 5: generating unitigs <===
[M::main] Version: 0.3-r179
[M::main] CMD: /global/cscratch1/sd/gguidi/IPDPS2021/miniasm/./miniasm -f ../inputs/human-10x.fq ../minimap2/human-10x-reads-minimap2.paf
[M::main] Real time: 2651.454 sec; CPU: 2649.791 sec
