[M::mm_idx_gen::60.549*2.04] collected minimizers
[M::mm_idx_gen::63.706*3.40] sorted minimizers
[M::main::63.706*3.40] loaded/built the index for 353582 target sequence(s)
[M::mm_mapopt_update::68.020*3.25] mid_occ = 211
[M::mm_idx_stat] kmer size: 19; skip: 5; is_hpc: 1; #seq: 353582
[M::mm_idx_stat::71.027*3.16] distinct minimizers: 220837555 (46.78% are singletons); average occurrences: 3.975; average spacing: 4.557; total length: 4000661847
[M::worker_pipeline::115.083*11.13] mapped 44419 sequences
[M::worker_pipeline::136.399*12.48] mapped 43589 sequences
[M::worker_pipeline::154.110*13.66] mapped 43873 sequences
[M::worker_pipeline::170.456*14.21] mapped 43898 sequences
[M::worker_pipeline::181.808*14.94] mapped 43650 sequences
[M::worker_pipeline::191.342*15.29] mapped 44065 sequences
[M::worker_pipeline::195.536*15.46] mapped 44724 sequences
[M::worker_pipeline::201.570*15.96] mapped 45314 sequences
[M::worker_pipeline::202.607*16.01] mapped 46517 sequences
[M::worker_pipeline::204.358*16.15] mapped 20696 sequences
[M::mm_idx_gen::217.195*15.30] collected minimizers
[M::mm_idx_gen::217.720*15.34] sorted minimizers
[M::main::217.720*15.34] loaded/built the index for 67163 target sequence(s)
[M::mm_mapopt_update::217.720*15.34] mid_occ = 211
[M::mm_idx_stat] kmer size: 19; skip: 5; is_hpc: 1; #seq: 67163
[M::mm_idx_stat::218.514*15.28] distinct minimizers: 85855788 (67.14% are singletons); average occurrences: 1.859; average spacing: 4.568; total length: 728950658
[M::worker_pipeline::244.489*16.28] mapped 44419 sequences
[M::worker_pipeline::258.957*16.59] mapped 43589 sequences
[M::worker_pipeline::273.283*16.89] mapped 43873 sequences
[M::worker_pipeline::287.917*17.17] mapped 43898 sequences
[M::worker_pipeline::302.440*17.41] mapped 43650 sequences
[M::worker_pipeline::316.742*17.60] mapped 44065 sequences
[M::worker_pipeline::330.675*17.78] mapped 44724 sequences
[M::worker_pipeline::343.496*17.72] mapped 45314 sequences
[M::worker_pipeline::351.663*17.58] mapped 46517 sequences
[M::worker_pipeline::353.915*17.47] mapped 20696 sequences
[M::main] Version: 2.17-r974-dirty
[M::main] CMD: /global/cscratch1/sd/gguidi/IPDPS2021/minimap2/./minimap2 -x ava-pb -t32 ../inputs/celegans40x.fq ../inputs/celegans40x.fq
[M::main] Real time: 354.176 sec; CPU: 6182.440 sec; Peak RSS: 32.026 GB
