[M::mm_idx_gen::247.000*2.02] collected minimizers
[M::mm_idx_gen::252.862*2.91] sorted minimizers
[M::main::252.862*2.91] loaded/built the index for 353582 target sequence(s)
[M::mm_mapopt_update::264.094*2.83] mid_occ = 211
[M::mm_idx_stat] kmer size: 19; skip: 5; is_hpc: 1; #seq: 353582
[M::mm_idx_stat::272.153*2.77] distinct minimizers: 220837555 (46.78% are singletons); average occurrences: 3.975; average spacing: 4.557; total length: 4000661847
[M::worker_pipeline::427.815*11.16] mapped 44419 sequences
[M::worker_pipeline::531.972*12.10] mapped 43589 sequences
[M::worker_pipeline::617.156*12.95] mapped 43873 sequences
[M::worker_pipeline::691.091*13.42] mapped 43898 sequences
[M::worker_pipeline::742.110*14.17] mapped 43650 sequences
[M::worker_pipeline::788.123*14.52] mapped 44065 sequences
[M::worker_pipeline::808.805*15.18] mapped 44724 sequences
[M::worker_pipeline::823.474*15.49] mapped 45314 sequences
[M::worker_pipeline::827.792*15.62] mapped 46517 sequences
[M::worker_pipeline::831.876*15.86] mapped 20696 sequences
[M::mm_idx_gen::884.560*15.02] collected minimizers
[M::mm_idx_gen::885.144*15.04] sorted minimizers
[M::main::885.144*15.04] loaded/built the index for 67163 target sequence(s)
[M::mm_mapopt_update::885.144*15.04] mid_occ = 211
[M::mm_idx_stat] kmer size: 19; skip: 5; is_hpc: 1; #seq: 67163
[M::mm_idx_stat::887.267*15.01] distinct minimizers: 85855788 (67.14% are singletons); average occurrences: 1.859; average spacing: 4.568; total length: 728950658
[M::worker_pipeline::983.115*15.88] mapped 44419 sequences
[M::worker_pipeline::1054.774*15.87] mapped 43589 sequences
[M::worker_pipeline::1125.364*15.92] mapped 43873 sequences
[M::worker_pipeline::1195.136*15.97] mapped 43898 sequences
[M::worker_pipeline::1264.893*16.00] mapped 43650 sequences
[M::worker_pipeline::1334.691*16.01] mapped 44065 sequences
[M::worker_pipeline::1404.368*15.96] mapped 44724 sequences
[M::worker_pipeline::1466.353*15.83] mapped 45314 sequences
[M::worker_pipeline::1505.550*15.64] mapped 46517 sequences
[M::worker_pipeline::1516.943*15.52] mapped 20696 sequences
[M::main] Version: 2.17-r974-dirty
[M::main] CMD: /global/cscratch1/sd/gguidi/IPDPS2021/minimap2/./minimap2 -x ava-pb -t64 ../inputs/celegans40x.fq ../inputs/celegans40x.fq
[M::main] Real time: 1518.265 sec; CPU: 23545.406 sec; Peak RSS: 32.762 GB
